── Re-generating copresence_30min.csv ──────────────────────

── Phase I: Co-Presence Tiling (episode → 30-min slots) ──────
  Loaded: 1,049,480 episode rows
  Unique (occID, CYCLE_YEAR) in episodes: 64,061
  Reference order loaded: 64,061 respondents
  Pre-allocated 9 arrays of shape (64061, 144)
  Episode group index built for 64,061 respondents
  Tiling episodes to 10-min slots...
    10,000 / 64,061
    20,000 / 64,061
    30,000 / 64,061
    40,000 / 64,061
    50,000 / 64,061
    60,000 / 64,061
  Tiling complete.
  Reshaped all 9 arrays to (64061, 48, 3)
  Alone: NaN slots = 663,401 (21.57%)
  Spouse: NaN slots = 663,411 (21.57%)
  Children: NaN slots = 663,411 (21.57%)
  parents: NaN slots = 663,411 (21.57%)
  otherInFAMs: NaN slots = 663,411 (21.57%)
  otherHHs: NaN slots = 663,411 (21.57%)
  friends: NaN slots = 663,411 (21.57%)
  others: NaN slots = 663,411 (21.57%)
  colleagues: NaN slots = 1,708,114 (55.55%)
  Alone: built DataFrame (64061, 48)
  Spouse: built DataFrame (64061, 48)
  Children: built DataFrame (64061, 48)
  parents: built DataFrame (64061, 48)
  otherInFAMs: built DataFrame (64061, 48)
  otherHHs: built DataFrame (64061, 48)
  friends: built DataFrame (64061, 48)
  others: built DataFrame (64061, 48)
  colleagues: built DataFrame (64061, 48)
  copresence_30min shape: (64061, 433)

  Writing outputs_step3/copresence_30min.csv ...
  Done. File size: 48.8 MB

  Rows    : 64,061
  Columns : 433
  Sample cols: ['occID', 'Alone30_001', 'Alone30_002', 'Alone30_003', 'Alone30_004']

── Phase I Validation (VI-1–7) ─────────────────────────────
VI-1 PASS — shape (64061, 433)
VI-2 PASS — occID order matches hetus_30min exactly
VI-3 WARN — Alone: 27 respondents have all-NaN across 48 slots (reflects source data missingness)
VI-3 WARN — Spouse: 27 respondents have all-NaN across 48 slots (reflects source data missingness)
VI-3 WARN — Children: 27 respondents have all-NaN across 48 slots (reflects source data missingness)
VI-3 WARN — parents: 27 respondents have all-NaN across 48 slots (reflects source data missingness)
VI-3 WARN — otherInFAMs: 27 respondents have all-NaN across 48 slots (reflects source data missingness)
VI-3 WARN — otherHHs: 27 respondents have all-NaN across 48 slots (reflects source data missingness)
VI-3 WARN — friends: 27 respondents have all-NaN across 48 slots (reflects source data missingness)
VI-3 WARN — others: 27 respondents have all-NaN across 48 slots (reflects source data missingness)
VI-4 colleagues 2005: PASS (100% NaN as expected)
VI-4 colleagues 2010: PASS (100% NaN as expected)
VI-4 colleagues 2015: PASS (0.1% NaN)
VI-4 colleagues 2022: PASS (10.0% NaN)
VI-5 PASS — all non-NaN values ∈ {1, 2}
VI-6 Alone: 35.3% present (expected 30–60%) → PASS
VI-6 Spouse: 22.4% present (expected 15–45%) → PASS

VI-7 — Manual spot-check (Alone30_001, slot 1 = 04:00–04:29)
  occID=7427.0, CYCLE=2005: source episode Alone vals near 04:00 = [nan] → Alone30_001 = <NA>
  occID=21288.0, CYCLE=2015: source episode Alone vals near 04:00 = [2.0] → Alone30_001 = 2.0
  occID=21386.0, CYCLE=2015: source episode Alone vals near 04:00 = [2.0] → Alone30_001 = 2.0
  occID=2898.0, CYCLE=2010: source episode Alone vals near 04:00 = [nan] → Alone30_001 = <NA>
  occID=11779.0, CYCLE=2005: source episode Alone vals near 04:00 = [nan] → Alone30_001 = <NA>
VI-7 — Review output above manually to confirm majority vote is correct.

Done — copresence_30min.csv written to outputs_step3/
