============================================================
Step 4A — Dataset Assembly  
============================================================

[1/6] Loading data...
  hetus_30min:      (64061, 120)
  copresence_30min: (64061, 120)

[2/6] Joining hetus + copresence (positional, same row order)...
  Merged shape: (64061, 120)
  Unique occIDs: 27389
  Unique (occID, CYCLE_YEAR): 64061
     occID  CYCLE_YEAR  AGEGRP  SEX  MARSTH  HHSIZE   PR  CMA     WGHT_PER  DDAY  KOL  LFTAG  TOTINC  HRSWRK  NOCS  COW  WKSWRK TOTINC_SOURCE  SURVYEAR  COLLECT_MODE  TUI_10_AVAIL  BS_TYPE  DAYTYPE  DDAY_STRATA  act30_001  act30_002  act30_003  act30_004  act30_005  act30_006  act30_007  act30_008  act30_009  act30_010  act30_011  act30_012  act30_013  act30_014  act30_015  act30_016  act30_017  act30_018  act30_019  act30_020  act30_021  act30_022  act30_023  act30_024  act30_025  act30_026  act30_027  act30_028  act30_029  act30_030  act30_031  act30_032  act30_033  act30_034  act30_035  act30_036  act30_037  act30_038  act30_039  act30_040  act30_041  act30_042  act30_043  act30_044  act30_045  act30_046  act30_047  act30_048  hom30_001  hom30_002  hom30_003  hom30_004  hom30_005  hom30_006  hom30_007  hom30_008  hom30_009  hom30_010  hom30_011  hom30_012  hom30_013  hom30_014  hom30_015  hom30_016  hom30_017  hom30_018  hom30_019  hom30_020  hom30_021  hom30_022  hom30_023  hom30_024  hom30_025  hom30_026  hom30_027  hom30_028  hom30_029  hom30_030  hom30_031  hom30_032  hom30_033  hom30_034  hom30_035  hom30_036  hom30_037  hom30_038  hom30_039  hom30_040  hom30_041  hom30_042  hom30_043  hom30_044  hom30_045  hom30_046  hom30_047  hom30_048
0      1.0        2005     4.0  2.0     1.0     3.0  3.0  1.0  2105.599654   1.0  NaN    3.0     NaN     NaN   NaN  NaN     NaN          SELF      2005             0             0  MEAN_BS  Weekday            1          5          5          5          5          5          5          5          2          6          7         13          1          1          1          1          1          1          1          1          1          1          1          1         13          2         10         10         10          2          6          9          9          9          9          3          3          2          2         10          5          5          5          5          5          5          5          5          5          1          1          1          1          1          1          1          1          1          1          0          0          0          0          0          0          0          0          0          0          0          0          0          0          1          1          1          1          1          1          1          1          1          1          1          1          1          1          1          1          1          1          1          1          1          1          1          1
1   9248.0        2005     6.0  2.0     3.0     1.0  3.0  1.0   743.228207   3.0  1.0    1.0     2.0     5.0   NaN  2.0    50.0          SELF      2005             0             0  MEAN_BS  Weekend            3          5          5          5          5          5          5          5          6          2          7         13          9          9          9          9          2         10         10         10         10         10         10         10         10          2          6          2         10         10         10         10         10         10         10         10         10         10          7         10         10         10         10         10         10          5          5          5          5          1          1          1          1          1          1          1          1          1          1          0          0          0          0          0          1          1          1          1          1          1          1          1          1          1          1          1          1          1          1          1          1          1          1          1          1          1          1          1          1          1          1          1          1          1          1          1          1
2  14620.0        2005     4.0  1.0     6.0     1.0  2.0  1.0   678.159618   1.0  3.0    1.0     2.0     4.0   NaN  1.0    52.0          SELF      2005             0             0  MEAN_BS  Weekday            1          1          1          1          1          1          1         13          6          5          5          5          5          5          5          5          5          5          5          5          5          7         10         10         10         10         10          4          4         10          6         10         10         10         10         10         10         13          1          1          1          1          1          1          1          1          1          1          1          0          0          0          0          0          0          0          1          1          1          1          1          1          1          1          1          1          1          1          1          1          1          1          1          1          1          0          0          1          1          1          1          1          1          1          1          0          0          0          0          0          0          0          0          0          0          0          0

[3/6] Encoding demographics...

  === RAW DEMOGRAPHICS (respondent 0) ===
            AGEGRP: 4.0
               SEX: 2.0
            MARSTH: 1.0
            HHSIZE: 3.0
                PR: 3.0
               CMA: 1.0
               KOL: nan
             LFTAG: 3.0
            TOTINC: nan
            HRSWRK: nan
              NOCS: nan
               COW: nan
       DDAY_STRATA: 1
          SURVYEAR: 2005
      COLLECT_MODE: 0
     TOTINC_SOURCE: SELF

  Conditioning vector shape: (64061, 77)
  Non-zero entries (row 0): 13
  First 20 values (row 0): [0.0, 0.0, 0.0, 1.0, 0.0, 0.0, 0.0, 0.0, 1.0, 0.0, 1.0, 0.0, 0.0, 0.0, 0.0, 0.0, 0.0, 0.0, 1.0, 0.0]
  Total conditioning dim (d_cond, excludes CYCLE_YEAR): 77

[4/6] Building sequence tokens...
