============================================================
Step 4D — Training  
============================================================
  data_dir:       outputs_step4
  output_dir:     outputs_step4_F5
  checkpoint_dir: outputs_step4_F5/checkpoints
  batch_size=256  max_epochs=100  patience=15  lr=5e-05  fp16=True
  checkpoint_dir (absolute): /nfs/speed-scratch/o_iseri/occModeling/outputs_step4_F5/checkpoints
  AUX_STRATUM_HEAD=True  COP_POS_WEIGHT=0  ACTIVITY_BOOSTS=0  DATA_SIDE_SAMPLING=0  MARG_MODE=per_cs
  Device: cuda
[1/4] Loading datasets and pairs...
  Train pairs: 89686 | Val respondents: 9609
  Activity class weights (inv-sqrt-freq, ACTIVITY_BOOSTS=0):
    class  0: 0.435
    class  1: 0.517
    class  2: 1.072
    class  3: 1.110
    class  4: 0.261
    class  5: 0.752
    class  6: 0.892
    class  7: 1.355
    class  8: 0.737
    class  9: 0.406
    class 10: 1.161
    class 11: 1.782
    class 12: 0.780
    class 13: 2.742
  AT_HOME observed rate: 0.7250  pos_weight: disabled
  Marginal-bias loss weight: LAMBDA_MARG=0.1  MARG_MODE=per_cs
  COP pos_weight: disabled (COP_POS_WEIGHT=0)
[2/4] Building model...
  Parameters: 11,536,731
ConditionalTransformer(
  (act_embedding): Embedding(14, 32)
  (slot_linear): Linear(in_features=42, out_features=256, bias=True)
  (cycle_embedding): Embedding(4, 32)
  (cls_mlp): Sequential(
    (0): Linear(in_features=109, out_features=256, bias=True)
    (1): GELU(approximate='none')
    (2): Linear(in_features=256, out_features=256, bias=True)
  )
  (strata_linear): Linear(in_features=3, out_features=256, bias=False)
  (encoder): TransformerEncoder(
    (layers): ModuleList(
      (0-5): 6 x TransformerEncoderLayer(
        (self_attn): MultiheadAttention(
          (out_proj): NonDynamicallyQuantizableLinear(in_features=256, out_features=256, bias=True)
        )
        (linear1): Linear(in_features=256, out_features=1024, bias=True)
        (dropout): Dropout(p=0.1, inplace=False)
        (linear2): Linear(in_features=1024, out_features=256, bias=True)
        (norm1): LayerNorm((256,), eps=1e-05, elementwise_affine=True)
        (norm2): LayerNorm((256,), eps=1e-05, elementwise_affine=True)
        (dropout1): Dropout(p=0.1, inplace=False)
        (dropout2): Dropout(p=0.1, inplace=False)
      )
    )
    (norm): LayerNorm((256,), eps=1e-05, elementwise_affine=True)
  )
  (decoder): FiLMTransformerDecoder(
    (layers): ModuleList(
      (0-5): 6 x TransformerDecoderLayer(
        (self_attn): MultiheadAttention(
          (out_proj): NonDynamicallyQuantizableLinear(in_features=256, out_features=256, bias=True)
        )
        (multihead_attn): MultiheadAttention(
          (out_proj): NonDynamicallyQuantizableLinear(in_features=256, out_features=256, bias=True)
        )
        (linear1): Linear(in_features=256, out_features=1024, bias=True)
        (dropout): Dropout(p=0.1, inplace=False)
        (linear2): Linear(in_features=1024, out_features=256, bias=True)
        (norm1): LayerNorm((256,), eps=1e-05, elementwise_affine=True)
        (norm2): LayerNorm((256,), eps=1e-05, elementwise_affine=True)
        (norm3): LayerNorm((256,), eps=1e-05, elementwise_affine=True)
        (dropout1): Dropout(p=0.1, inplace=False)
        (dropout2): Dropout(p=0.1, inplace=False)
        (dropout3): Dropout(p=0.1, inplace=False)
      )
    )
    (films): ModuleList(
      (0-5): 6 x FiLMLayer(
        (gen): Linear(in_features=112, out_features=512, bias=True)
      )
    )
    (norm): LayerNorm((256,), eps=1e-05, elementwise_affine=True)
  )
  (act_head): Linear(in_features=256, out_features=14, bias=True)
  (home_head): Linear(in_features=256, out_features=1, bias=True)
  (cop_head): Linear(in_features=256, out_features=9, bias=True)
  (aux_strata_head): Sequential(
    (0): Linear(in_features=256, out_features=64, bias=True)
    (1): GELU(approximate='none')
    (2): Linear(in_features=64, out_features=3, bias=True)
  )
)
[3/4] Training...
  WARN: 215 params have zero gradient
  FAIL: 1 params have NaN gradient
Epoch   1/100: train_loss=3.0140  act=2.5047  home=0.5540  cop=0.4500  marg=0.0704  |  val_JS=0.0876  home_gap=0.1910  val_score=0.1831  lr=8.77e-06  grad_norm=inf  (154s)
  ✓ New best model saved (val_score=0.1831  val_JS=0.0876  home_gap=0.1910)
Epoch   2/100: train_loss=2.1225  act=1.8838  home=0.2643  cop=0.2973  marg=0.0196  |  val_JS=0.1179  home_gap=0.2585  val_score=0.2471  lr=1.75e-05  grad_norm=3.387  (151s)
Epoch   3/100: train_loss=1.8320  act=1.6654  home=0.1924  cop=0.2221  marg=0.0110  |  val_JS=0.0969  home_gap=0.2144  val_score=0.2041  lr=2.63e-05  grad_norm=2.721  (151s)
Epoch   4/100: train_loss=1.5352  act=1.3814  home=0.1862  cop=0.1941  marg=0.0113  |  val_JS=0.2004  home_gap=0.2585  val_score=0.3297  lr=3.51e-05  grad_norm=3.773  (151s)
Epoch   5/100: train_loss=1.2943  act=1.1515  home=0.1774  cop=0.1744  marg=0.0102  |  val_JS=0.2496  home_gap=0.2585  val_score=0.3789  lr=4.39e-05  grad_norm=2.495  (151s)
Epoch   6/100: train_loss=1.1854  act=1.0561  home=0.1653  cop=0.1516  marg=0.0085  |  val_JS=0.2256  home_gap=0.2491  val_score=0.3501  lr=5.00e-05  grad_norm=1.576  (151s)
Epoch   7/100: train_loss=1.1372  act=1.0179  home=0.1576  cop=0.1317  marg=0.0082  |  val_JS=0.2473  home_gap=0.2550  val_score=0.3747  lr=5.00e-05  grad_norm=1.125  (151s)
Epoch   8/100: train_loss=1.1116  act=0.9982  home=0.1531  cop=0.1200  marg=0.0073  |  val_JS=0.2400  home_gap=0.2492  val_score=0.3646  lr=5.00e-05  grad_norm=0.917  (151s)
Epoch   9/100: train_loss=1.0949  act=0.9856  home=0.1504  cop=0.1110  marg=0.0068  |  val_JS=0.2273  home_gap=0.2518  val_score=0.3532  lr=5.00e-05  grad_norm=0.778  (151s)
Epoch  10/100: train_loss=1.0822  act=0.9746  home=0.1499  cop=0.1066  marg=0.0070  |  val_JS=0.2340  home_gap=0.2423  val_score=0.3551  lr=5.00e-05  grad_norm=0.738  (151s)
Epoch  11/100: train_loss=1.0728  act=0.9677  home=0.1469  cop=0.1031  marg=0.0066  |  val_JS=0.2656  home_gap=0.2529  val_score=0.3921  lr=5.00e-05  grad_norm=0.687  (151s)
Epoch  12/100: train_loss=1.0641  act=0.9597  home=0.1465  cop=0.1016  marg=0.0067  |  val_JS=0.2327  home_gap=0.2310  val_score=0.3482  lr=4.99e-05  grad_norm=0.652  (151s)
Epoch  13/100: train_loss=1.0549  act=0.9520  home=0.1448  cop=0.0996  marg=0.0063  |  val_JS=0.2071  home_gap=0.2128  val_score=0.3135  lr=4.99e-05  grad_norm=0.634  (151s)
Epoch  14/100: train_loss=1.0475  act=0.9452  home=0.1443  cop=0.0984  marg=0.0063  |  val_JS=0.2431  home_gap=0.2519  val_score=0.3691  lr=4.99e-05  grad_norm=0.617  (151s)
Epoch  15/100: train_loss=1.0429  act=0.9417  home=0.1430  cop=0.0970  marg=0.0062  |  val_JS=0.2361  home_gap=0.2348  val_score=0.3535  lr=4.99e-05  grad_norm=0.614  (151s)
Epoch  16/100: train_loss=1.0416  act=0.9401  home=0.1436  cop=0.0970  marg=0.0062  |  val_JS=0.2298  home_gap=0.2342  val_score=0.3469  lr=4.98e-05  grad_norm=0.595  (151s)
  Early stopping at epoch 16 (no improvement for 15 epochs)

[4/4] Training complete. Best val_score=0.1831
  Best checkpoint: outputs_step4_F5/checkpoints/best_model.pt
  Training log:    outputs_step4_F5/step4_training_log.csv
