============================================================
Step 4D — Training  
============================================================
  data_dir:       /nfs/speed-scratch/o_iseri/occModeling/outputs_step4
  output_dir:     /nfs/speed-scratch/o_iseri/occModeling/outputs_step4
  checkpoint_dir: /nfs/speed-scratch/o_iseri/occModeling/outputs_step4/checkpoints
  batch_size=256  max_epochs=100  patience=10  lr=0.0001  fp16=True
  checkpoint_dir (absolute): /nfs/speed-scratch/o_iseri/occModeling/outputs_step4/checkpoints
  Device: cuda
[1/4] Loading datasets and pairs...
  Train pairs: 89686 | Val respondents: 9609
  Activity class weights (inv-sqrt-freq, mean-normalized):
    class  0: 0.435
    class  1: 0.517
    class  2: 1.072
    class  3: 1.110
    class  4: 0.261
    class  5: 0.752
    class  6: 0.892
    class  7: 1.355
    class  8: 0.737
    class  9: 0.406
    class 10: 1.161
    class 11: 1.782
    class 12: 0.780
    class 13: 2.742
[2/4] Building model...
  Parameters: 11,172,952
ConditionalTransformer(
  (act_embedding): Embedding(14, 32)
  (slot_linear): Linear(in_features=42, out_features=256, bias=True)
  (cycle_embedding): Embedding(4, 32)
  (cls_mlp): Sequential(
    (0): Linear(in_features=109, out_features=256, bias=True)
    (1): GELU(approximate='none')
    (2): Linear(in_features=256, out_features=256, bias=True)
  )
  (strata_linear): Linear(in_features=3, out_features=256, bias=False)
  (encoder): TransformerEncoder(
    (layers): ModuleList(
      (0-5): 6 x TransformerEncoderLayer(
        (self_attn): MultiheadAttention(
          (out_proj): NonDynamicallyQuantizableLinear(in_features=256, out_features=256, bias=True)
        )
        (linear1): Linear(in_features=256, out_features=1024, bias=True)
        (dropout): Dropout(p=0.1, inplace=False)
        (linear2): Linear(in_features=1024, out_features=256, bias=True)
        (norm1): LayerNorm((256,), eps=1e-05, elementwise_affine=True)
        (norm2): LayerNorm((256,), eps=1e-05, elementwise_affine=True)
        (dropout1): Dropout(p=0.1, inplace=False)
        (dropout2): Dropout(p=0.1, inplace=False)
      )
    )
    (norm): LayerNorm((256,), eps=1e-05, elementwise_affine=True)
  )
  (decoder): TransformerDecoder(
    (layers): ModuleList(
      (0-5): 6 x TransformerDecoderLayer(
        (self_attn): MultiheadAttention(
          (out_proj): NonDynamicallyQuantizableLinear(in_features=256, out_features=256, bias=True)
        )
        (multihead_attn): MultiheadAttention(
          (out_proj): NonDynamicallyQuantizableLinear(in_features=256, out_features=256, bias=True)
        )
        (linear1): Linear(in_features=256, out_features=1024, bias=True)
        (dropout): Dropout(p=0.1, inplace=False)
        (linear2): Linear(in_features=1024, out_features=256, bias=True)
        (norm1): LayerNorm((256,), eps=1e-05, elementwise_affine=True)
        (norm2): LayerNorm((256,), eps=1e-05, elementwise_affine=True)
        (norm3): LayerNorm((256,), eps=1e-05, elementwise_affine=True)
        (dropout1): Dropout(p=0.1, inplace=False)
        (dropout2): Dropout(p=0.1, inplace=False)
        (dropout3): Dropout(p=0.1, inplace=False)
      )
    )
    (norm): LayerNorm((256,), eps=1e-05, elementwise_affine=True)
  )
  (act_head): Linear(in_features=256, out_features=14, bias=True)
  (home_head): Linear(in_features=256, out_features=1, bias=True)
  (cop_head): Linear(in_features=256, out_features=9, bias=True)
)
[3/4] Training...
Epoch   1/100: train_loss=2.6923  act=2.3343  home=0.4753  cop=0.4013  |  val_JS=0.1253  lr=1.75e-05  grad_norm=5.700  (485s)
  ✓ New best model saved (val_JS=0.1253)
Epoch   2/100: train_loss=1.9481  act=1.7751  home=0.2012  cop=0.2411  |  val_JS=0.1487  lr=3.51e-05  grad_norm=4.115  (485s)
Epoch   3/100: train_loss=1.5284  act=1.3842  home=0.1827  cop=0.1763  |  val_JS=0.3113  lr=5.26e-05  grad_norm=4.442  (485s)
Epoch   4/100: train_loss=1.2331  act=1.1031  home=0.1703  cop=0.1497  |  val_JS=0.2856  lr=7.02e-05  grad_norm=2.654  (485s)
Epoch   5/100: train_loss=1.1387  act=1.0229  home=0.1586  cop=0.1215  |  val_JS=0.2181  lr=8.78e-05  grad_norm=1.326  (485s)
Epoch   6/100: train_loss=1.0985  act=0.9903  home=0.1516  cop=0.1080  |  val_JS=0.2503  lr=1.00e-04  grad_norm=0.927  (485s)
Epoch   7/100: train_loss=1.0777  act=0.9735  home=0.1475  cop=0.1015  |  val_JS=0.2406  lr=1.00e-04  grad_norm=0.722  (485s)
Epoch   8/100: train_loss=1.0607  act=0.9582  home=0.1457  cop=0.0990  |  val_JS=0.2320  lr=1.00e-04  grad_norm=0.633  (485s)
Epoch   9/100: train_loss=1.0491  act=0.9482  home=0.1435  cop=0.0971  |  val_JS=0.2585  lr=1.00e-04  grad_norm=0.598  (485s)
Epoch  10/100: train_loss=1.0411  act=0.9408  home=0.1428  cop=0.0963  |  val_JS=0.2206  lr=9.99e-05  grad_norm=0.571  (485s)
Epoch  11/100: train_loss=1.0315  act=0.9319  home=0.1421  cop=0.0953  |  val_JS=0.2386  lr=9.99e-05  grad_norm=0.548  (485s)
  Early stopping at epoch 11 (no improvement for 10 epochs)

[4/4] Training complete. Best val_JS=0.1253
  Best checkpoint: /nfs/speed-scratch/o_iseri/occModeling/outputs_step4/checkpoints/best_model.pt
  Training log:    /nfs/speed-scratch/o_iseri/occModeling/outputs_step4/step4_training_log.csv
