============================================================
Step 4D — Training  
============================================================
  data_dir:       outputs_step4
  output_dir:     outputs_step4_F9a
  checkpoint_dir: outputs_step4_F9a/checkpoints
  batch_size=256  max_epochs=100  patience=15  lr=5e-05  fp16=False
  checkpoint_dir (absolute): /nfs/speed-scratch/o_iseri/occModeling/outputs_step4_F9a/checkpoints
  AUX_STRATUM_HEAD=True  COP_POS_WEIGHT=0  ACTIVITY_BOOSTS=1  DATA_SIDE_SAMPLING=0  MARG_MODE=global  AUX_STRATUM_LAMBDA=0.02  SPOUSE_NEG_WEIGHT=1.0
  Device: cuda
[1/4] Loading datasets and pairs...
  Train pairs: 89686 | Val respondents: 9609
  Activity class weights (inv-sqrt-freq, ACTIVITY_BOOSTS=1):
    class  0: 2.174
    class  1: 0.517
    class  2: 1.072
    class  3: 1.110
    class  4: 0.261
    class  5: 0.752
    class  6: 0.892
    class  7: 1.355
    class  8: 1.473
    class  9: 0.406
    class 10: 1.161
    class 11: 1.782
    class 12: 2.341
    class 13: 2.742
  AT_HOME observed rate: 0.7250  pos_weight: disabled
  Marginal-bias loss weight: LAMBDA_MARG=0.1  MARG_MODE=global
  COP pos_weight: disabled (COP_POS_WEIGHT=0)
[2/4] Building model...
  Parameters: 11,536,731
ConditionalTransformer(
  (act_embedding): Embedding(14, 32)
  (slot_linear): Linear(in_features=42, out_features=256, bias=True)
  (cycle_embedding): Embedding(4, 32)
  (cls_mlp): Sequential(
    (0): Linear(in_features=109, out_features=256, bias=True)
    (1): GELU(approximate='none')
    (2): Linear(in_features=256, out_features=256, bias=True)
  )
  (strata_linear): Linear(in_features=3, out_features=256, bias=False)
  (encoder): TransformerEncoder(
    (layers): ModuleList(
      (0-5): 6 x TransformerEncoderLayer(
        (self_attn): MultiheadAttention(
          (out_proj): NonDynamicallyQuantizableLinear(in_features=256, out_features=256, bias=True)
        )
        (linear1): Linear(in_features=256, out_features=1024, bias=True)
        (dropout): Dropout(p=0.1, inplace=False)
        (linear2): Linear(in_features=1024, out_features=256, bias=True)
        (norm1): LayerNorm((256,), eps=1e-05, elementwise_affine=True)
        (norm2): LayerNorm((256,), eps=1e-05, elementwise_affine=True)
        (dropout1): Dropout(p=0.1, inplace=False)
        (dropout2): Dropout(p=0.1, inplace=False)
      )
    )
    (norm): LayerNorm((256,), eps=1e-05, elementwise_affine=True)
  )
  (decoder): FiLMTransformerDecoder(
    (layers): ModuleList(
      (0-5): 6 x TransformerDecoderLayer(
        (self_attn): MultiheadAttention(
          (out_proj): NonDynamicallyQuantizableLinear(in_features=256, out_features=256, bias=True)
        )
        (multihead_attn): MultiheadAttention(
          (out_proj): NonDynamicallyQuantizableLinear(in_features=256, out_features=256, bias=True)
        )
        (linear1): Linear(in_features=256, out_features=1024, bias=True)
        (dropout): Dropout(p=0.1, inplace=False)
        (linear2): Linear(in_features=1024, out_features=256, bias=True)
        (norm1): LayerNorm((256,), eps=1e-05, elementwise_affine=True)
        (norm2): LayerNorm((256,), eps=1e-05, elementwise_affine=True)
        (norm3): LayerNorm((256,), eps=1e-05, elementwise_affine=True)
        (dropout1): Dropout(p=0.1, inplace=False)
        (dropout2): Dropout(p=0.1, inplace=False)
        (dropout3): Dropout(p=0.1, inplace=False)
      )
    )
    (films): ModuleList(
      (0-5): 6 x FiLMLayer(
        (gen): Linear(in_features=112, out_features=512, bias=True)
      )
    )
    (norm): LayerNorm((256,), eps=1e-05, elementwise_affine=True)
  )
  (act_head): Linear(in_features=256, out_features=14, bias=True)
  (home_head): Linear(in_features=256, out_features=1, bias=True)
  (cop_head): Linear(in_features=256, out_features=9, bias=True)
  (aux_strata_head): Sequential(
    (0): Linear(in_features=256, out_features=64, bias=True)
    (1): GELU(approximate='none')
    (2): Linear(in_features=64, out_features=3, bias=True)
  )
)
[3/4] Training...
Epoch   1/100: train_loss=2.8108  act=2.3664  home=0.5645  cop=0.4511  marg=0.0440  |  val_JS=0.0891  home_gap=0.1632  val_score=0.1707  lr=8.77e-06  grad_norm=8.439  (64s)
  [warmup epoch 1/6 — skipping best-model tracking]
Epoch   2/100: train_loss=1.9655  act=1.7245  home=0.2804  cop=0.2986  marg=0.0170  |  val_JS=0.0805  home_gap=0.2558  val_score=0.2084  lr=1.75e-05  grad_norm=4.235  (64s)
  [warmup epoch 2/6 — skipping best-model tracking]
Epoch   3/100: train_loss=1.6349  act=1.4682  home=0.1928  cop=0.2235  marg=0.0081  |  val_JS=0.1136  home_gap=0.2581  val_score=0.2426  lr=2.63e-05  grad_norm=3.298  (63s)
  [warmup epoch 3/6 — skipping best-model tracking]
Epoch   4/100: train_loss=1.3757  act=1.2251  home=0.1834  cop=0.1910  marg=0.0077  |  val_JS=0.1411  home_gap=0.2571  val_score=0.2697  lr=3.51e-05  grad_norm=3.212  (63s)
  [warmup epoch 4/6 — skipping best-model tracking]
Epoch   5/100: train_loss=1.1764  act=1.0359  home=0.1753  cop=0.1724  marg=0.0072  |  val_JS=0.2541  home_gap=0.2585  val_score=0.3833  lr=4.39e-05  grad_norm=2.362  (63s)
  [warmup epoch 5/6 — skipping best-model tracking]
Epoch   6/100: train_loss=1.0800  act=0.9517  home=0.1646  cop=0.1500  marg=0.0086  |  val_JS=0.2485  home_gap=0.2575  val_score=0.3773  lr=5.00e-05  grad_norm=1.665  (63s)
  [warmup epoch 6/6 — skipping best-model tracking]
Epoch   7/100: train_loss=1.0288  act=0.9108  home=0.1569  cop=0.1298  marg=0.0058  |  val_JS=0.2486  home_gap=0.2577  val_score=0.3775  lr=5.00e-05  grad_norm=1.143  (63s)
  ✓ New best model saved (val_score=0.3775  val_JS=0.2486  home_gap=0.2577)
Epoch   8/100: train_loss=1.0069  act=0.8944  home=0.1527  cop=0.1183  marg=0.0055  |  val_JS=0.2127  home_gap=0.2046  val_score=0.3149  lr=5.00e-05  grad_norm=0.924  (63s)
  ✓ New best model saved (val_score=0.3149  val_JS=0.2127  home_gap=0.2046)
Epoch   9/100: train_loss=0.9916  act=0.8829  home=0.1503  cop=0.1098  marg=0.0051  |  val_JS=0.1895  home_gap=0.2049  val_score=0.2920  lr=5.00e-05  grad_norm=0.780  (63s)
  ✓ New best model saved (val_score=0.2920  val_JS=0.1895  home_gap=0.2049)
Epoch  10/100: train_loss=0.9825  act=0.8756  home=0.1496  cop=0.1057  marg=0.0044  |  val_JS=0.2571  home_gap=0.2528  val_score=0.3834  lr=5.00e-05  grad_norm=0.732  (63s)
Epoch  11/100: train_loss=0.9704  act=0.8657  home=0.1469  cop=0.1026  marg=0.0047  |  val_JS=0.2499  home_gap=0.2343  val_score=0.3671  lr=5.00e-05  grad_norm=0.696  (63s)
Epoch  12/100: train_loss=0.9652  act=0.8612  home=0.1464  cop=0.1010  marg=0.0043  |  val_JS=0.2537  home_gap=0.2509  val_score=0.3792  lr=4.99e-05  grad_norm=0.659  (63s)
Epoch  13/100: train_loss=0.9543  act=0.8517  home=0.1448  cop=0.0991  marg=0.0045  |  val_JS=0.2452  home_gap=0.2490  val_score=0.3697  lr=4.99e-05  grad_norm=0.648  (63s)
Epoch  14/100: train_loss=0.9480  act=0.8460  home=0.1444  cop=0.0980  marg=0.0041  |  val_JS=0.2683  home_gap=0.2528  val_score=0.3947  lr=4.99e-05  grad_norm=0.619  (63s)
Epoch  15/100: train_loss=0.9437  act=0.8427  home=0.1432  cop=0.0967  marg=0.0040  |  val_JS=0.2448  home_gap=0.2445  val_score=0.3671  lr=4.99e-05  grad_norm=0.607  (63s)
Epoch  16/100: train_loss=0.9412  act=0.8399  home=0.1436  cop=0.0969  marg=0.0037  |  val_JS=0.2240  home_gap=0.2317  val_score=0.3399  lr=4.98e-05  grad_norm=0.601  (63s)
Epoch  17/100: train_loss=0.9329  act=0.8325  home=0.1424  cop=0.0961  marg=0.0038  |  val_JS=0.2279  home_gap=0.2291  val_score=0.3425  lr=4.98e-05  grad_norm=0.590  (63s)
Epoch  18/100: train_loss=0.9297  act=0.8304  home=0.1408  cop=0.0953  marg=0.0036  |  val_JS=0.2352  home_gap=0.2403  val_score=0.3554  lr=4.98e-05  grad_norm=0.589  (63s)
Epoch  19/100: train_loss=0.9213  act=0.8221  home=0.1407  cop=0.0947  marg=0.0039  |  val_JS=0.2017  home_gap=0.2046  val_score=0.3040  lr=4.97e-05  grad_norm=0.580  (63s)
Epoch  20/100: train_loss=0.9183  act=0.8192  home=0.1409  cop=0.0943  marg=0.0036  |  val_JS=0.2080  home_gap=0.2242  val_score=0.3201  lr=4.97e-05  grad_norm=0.589  (63s)
Epoch  21/100: train_loss=0.9130  act=0.8139  home=0.1408  cop=0.0946  marg=0.0037  |  val_JS=0.2259  home_gap=0.2372  val_score=0.3445  lr=4.96e-05  grad_norm=0.591  (63s)
Epoch  22/100: train_loss=0.9048  act=0.8064  home=0.1397  cop=0.0942  marg=0.0032  |  val_JS=0.2216  home_gap=0.2342  val_score=0.3387  lr=4.96e-05  grad_norm=0.585  (63s)
Epoch  23/100: train_loss=0.9004  act=0.8017  home=0.1400  cop=0.0945  marg=0.0037  |  val_JS=0.2235  home_gap=0.2333  val_score=0.3402  lr=4.95e-05  grad_norm=0.596  (63s)
Epoch  24/100: train_loss=0.8953  act=0.7978  home=0.1384  cop=0.0935  marg=0.0032  |  val_JS=0.1920  home_gap=0.2197  val_score=0.3018  lr=4.95e-05  grad_norm=0.600  (63s)
  Early stopping at epoch 24 (no improvement for 15 epochs)

[4/4] Training complete. Best val_score=0.2920
  Best checkpoint: outputs_step4_F9a/checkpoints/best_model.pt
  Training log:    outputs_step4_F9a/step4_training_log.csv
