============================================================
Step 4D — Training  
============================================================
  data_dir:       outputs_step4
  output_dir:     outputs_step4_F8
  checkpoint_dir: outputs_step4_F8/checkpoints
  batch_size=256  max_epochs=100  patience=15  lr=5e-05  fp16=False
  checkpoint_dir (absolute): /nfs/speed-scratch/o_iseri/occModeling/outputs_step4_F8/checkpoints
  AUX_STRATUM_HEAD=True  COP_POS_WEIGHT=0  ACTIVITY_BOOSTS=1  DATA_SIDE_SAMPLING=0  MARG_MODE=global
  Device: cuda
[1/4] Loading datasets and pairs...
  Train pairs: 89686 | Val respondents: 9609
  Activity class weights (inv-sqrt-freq, ACTIVITY_BOOSTS=1):
    class  0: 2.174
    class  1: 0.517
    class  2: 1.072
    class  3: 1.110
    class  4: 0.261
    class  5: 0.752
    class  6: 0.892
    class  7: 1.355
    class  8: 1.473
    class  9: 0.406
    class 10: 1.161
    class 11: 1.782
    class 12: 2.341
    class 13: 2.742
  AT_HOME observed rate: 0.7250  pos_weight: disabled
  Marginal-bias loss weight: LAMBDA_MARG=0.1  MARG_MODE=global
  COP pos_weight: disabled (COP_POS_WEIGHT=0)
[2/4] Building model...
  Parameters: 11,536,731
ConditionalTransformer(
  (act_embedding): Embedding(14, 32)
  (slot_linear): Linear(in_features=42, out_features=256, bias=True)
  (cycle_embedding): Embedding(4, 32)
  (cls_mlp): Sequential(
    (0): Linear(in_features=109, out_features=256, bias=True)
    (1): GELU(approximate='none')
    (2): Linear(in_features=256, out_features=256, bias=True)
  )
  (strata_linear): Linear(in_features=3, out_features=256, bias=False)
  (encoder): TransformerEncoder(
    (layers): ModuleList(
      (0-5): 6 x TransformerEncoderLayer(
        (self_attn): MultiheadAttention(
          (out_proj): NonDynamicallyQuantizableLinear(in_features=256, out_features=256, bias=True)
        )
        (linear1): Linear(in_features=256, out_features=1024, bias=True)
        (dropout): Dropout(p=0.1, inplace=False)
        (linear2): Linear(in_features=1024, out_features=256, bias=True)
        (norm1): LayerNorm((256,), eps=1e-05, elementwise_affine=True)
        (norm2): LayerNorm((256,), eps=1e-05, elementwise_affine=True)
        (dropout1): Dropout(p=0.1, inplace=False)
        (dropout2): Dropout(p=0.1, inplace=False)
      )
    )
    (norm): LayerNorm((256,), eps=1e-05, elementwise_affine=True)
  )
  (decoder): FiLMTransformerDecoder(
    (layers): ModuleList(
      (0-5): 6 x TransformerDecoderLayer(
        (self_attn): MultiheadAttention(
          (out_proj): NonDynamicallyQuantizableLinear(in_features=256, out_features=256, bias=True)
        )
        (multihead_attn): MultiheadAttention(
          (out_proj): NonDynamicallyQuantizableLinear(in_features=256, out_features=256, bias=True)
        )
        (linear1): Linear(in_features=256, out_features=1024, bias=True)
        (dropout): Dropout(p=0.1, inplace=False)
        (linear2): Linear(in_features=1024, out_features=256, bias=True)
        (norm1): LayerNorm((256,), eps=1e-05, elementwise_affine=True)
        (norm2): LayerNorm((256,), eps=1e-05, elementwise_affine=True)
        (norm3): LayerNorm((256,), eps=1e-05, elementwise_affine=True)
        (dropout1): Dropout(p=0.1, inplace=False)
        (dropout2): Dropout(p=0.1, inplace=False)
        (dropout3): Dropout(p=0.1, inplace=False)
      )
    )
    (films): ModuleList(
      (0-5): 6 x FiLMLayer(
        (gen): Linear(in_features=112, out_features=512, bias=True)
      )
    )
    (norm): LayerNorm((256,), eps=1e-05, elementwise_affine=True)
  )
  (act_head): Linear(in_features=256, out_features=14, bias=True)
  (home_head): Linear(in_features=256, out_features=1, bias=True)
  (cop_head): Linear(in_features=256, out_features=9, bias=True)
  (aux_strata_head): Sequential(
    (0): Linear(in_features=256, out_features=64, bias=True)
    (1): GELU(approximate='none')
    (2): Linear(in_features=64, out_features=3, bias=True)
  )
)
[3/4] Training...
Epoch   1/100: train_loss=2.8844  act=2.3701  home=0.5655  cop=0.4517  marg=0.0431  |  val_JS=0.0936  home_gap=0.1505  val_score=0.1688  lr=8.77e-06  grad_norm=8.464  (281s)
  [warmup epoch 1/6 — skipping best-model tracking]
Epoch   2/100: train_loss=1.9686  act=1.7225  home=0.2782  cop=0.2983  marg=0.0141  |  val_JS=0.0816  home_gap=0.2585  val_score=0.2109  lr=1.75e-05  grad_norm=4.008  (282s)
  [warmup epoch 2/6 — skipping best-model tracking]
Epoch   3/100: train_loss=1.6340  act=1.4671  home=0.1929  cop=0.2233  marg=0.0078  |  val_JS=0.0785  home_gap=0.2440  val_score=0.2005  lr=2.63e-05  grad_norm=3.239  (282s)
  [warmup epoch 3/6 — skipping best-model tracking]
Epoch   4/100: train_loss=1.3774  act=1.2266  home=0.1833  cop=0.1910  marg=0.0069  |  val_JS=0.1009  home_gap=0.2572  val_score=0.2295  lr=3.51e-05  grad_norm=3.263  (282s)
  [warmup epoch 4/6 — skipping best-model tracking]
Epoch   5/100: train_loss=1.1754  act=1.0346  home=0.1752  cop=0.1725  marg=0.0078  |  val_JS=0.1737  home_gap=0.2564  val_score=0.3019  lr=4.39e-05  grad_norm=2.199  (282s)
  [warmup epoch 5/6 — skipping best-model tracking]
Epoch   6/100: train_loss=1.0784  act=0.9506  home=0.1639  cop=0.1492  marg=0.0074  |  val_JS=0.2596  home_gap=0.2585  val_score=0.3889  lr=5.00e-05  grad_norm=1.625  (282s)
  [warmup epoch 6/6 — skipping best-model tracking]
Epoch   7/100: train_loss=1.0291  act=0.9108  home=0.1572  cop=0.1294  marg=0.0074  |  val_JS=0.2511  home_gap=0.2581  val_score=0.3801  lr=5.00e-05  grad_norm=1.163  (282s)
  ✓ New best model saved (val_score=0.3801  val_JS=0.2511  home_gap=0.2581)
Epoch   8/100: train_loss=1.0069  act=0.8943  home=0.1528  cop=0.1183  marg=0.0057  |  val_JS=0.2306  home_gap=0.2285  val_score=0.3448  lr=5.00e-05  grad_norm=0.931  (282s)
  ✓ New best model saved (val_score=0.3448  val_JS=0.2306  home_gap=0.2285)
Epoch   9/100: train_loss=0.9917  act=0.8830  home=0.1504  cop=0.1098  marg=0.0049  |  val_JS=0.2066  home_gap=0.2118  val_score=0.3125  lr=5.00e-05  grad_norm=0.777  (282s)
  ✓ New best model saved (val_score=0.3125  val_JS=0.2066  home_gap=0.2118)
Epoch  10/100: train_loss=0.9825  act=0.8754  home=0.1496  cop=0.1058  marg=0.0049  |  val_JS=0.2539  home_gap=0.2565  val_score=0.3821  lr=5.00e-05  grad_norm=0.734  (282s)
Epoch  11/100: train_loss=0.9705  act=0.8658  home=0.1469  cop=0.1026  marg=0.0045  |  val_JS=0.2649  home_gap=0.2437  val_score=0.3868  lr=5.00e-05  grad_norm=0.687  (282s)
Epoch  12/100: train_loss=0.9653  act=0.8614  home=0.1464  cop=0.1010  marg=0.0042  |  val_JS=0.2571  home_gap=0.2530  val_score=0.3836  lr=4.99e-05  grad_norm=0.660  (282s)
Epoch  13/100: train_loss=0.9541  act=0.8515  home=0.1449  cop=0.0990  marg=0.0042  |  val_JS=0.2355  home_gap=0.2436  val_score=0.3573  lr=4.99e-05  grad_norm=0.635  (282s)
Epoch  14/100: train_loss=0.9481  act=0.8460  home=0.1446  cop=0.0979  marg=0.0047  |  val_JS=0.2684  home_gap=0.2542  val_score=0.3955  lr=4.99e-05  grad_norm=0.628  (282s)
Epoch  15/100: train_loss=0.9438  act=0.8428  home=0.1432  cop=0.0967  marg=0.0038  |  val_JS=0.2414  home_gap=0.2448  val_score=0.3638  lr=4.99e-05  grad_norm=0.604  (282s)
Epoch  16/100: train_loss=0.9416  act=0.8403  home=0.1437  cop=0.0969  marg=0.0038  |  val_JS=0.2299  home_gap=0.2399  val_score=0.3499  lr=4.98e-05  grad_norm=0.600  (282s)
Epoch  17/100: train_loss=0.9330  act=0.8325  home=0.1425  cop=0.0963  marg=0.0037  |  val_JS=0.2257  home_gap=0.2250  val_score=0.3382  lr=4.98e-05  grad_norm=0.587  (282s)
Epoch  18/100: train_loss=0.9297  act=0.8303  home=0.1409  cop=0.0953  marg=0.0035  |  val_JS=0.2289  home_gap=0.2356  val_score=0.3466  lr=4.98e-05  grad_norm=0.580  (282s)
Epoch  19/100: train_loss=0.9211  act=0.8218  home=0.1407  cop=0.0948  marg=0.0040  |  val_JS=0.2022  home_gap=0.2063  val_score=0.3053  lr=4.97e-05  grad_norm=0.584  (282s)
  ✓ New best model saved (val_score=0.3053  val_JS=0.2022  home_gap=0.2063)
Epoch  20/100: train_loss=0.9184  act=0.8193  home=0.1411  cop=0.0942  marg=0.0036  |  val_JS=0.2079  home_gap=0.2378  val_score=0.3267  lr=4.97e-05  grad_norm=0.586  (282s)
Epoch  21/100: train_loss=0.9134  act=0.8142  home=0.1408  cop=0.0946  marg=0.0040  |  val_JS=0.1953  home_gap=0.2221  val_score=0.3063  lr=4.96e-05  grad_norm=0.592  (282s)
Epoch  22/100: train_loss=0.9045  act=0.8060  home=0.1398  cop=0.0941  marg=0.0032  |  val_JS=0.2135  home_gap=0.2204  val_score=0.3237  lr=4.96e-05  grad_norm=0.579  (282s)
Epoch  23/100: train_loss=0.9002  act=0.8016  home=0.1398  cop=0.0944  marg=0.0031  |  val_JS=0.2169  home_gap=0.2225  val_score=0.3281  lr=4.95e-05  grad_norm=0.589  (282s)
Epoch  24/100: train_loss=0.8952  act=0.7977  home=0.1383  cop=0.0934  marg=0.0031  |  val_JS=0.1797  home_gap=0.2004  val_score=0.2799  lr=4.95e-05  grad_norm=0.600  (281s)
  ✓ New best model saved (val_score=0.2799  val_JS=0.1797  home_gap=0.2004)
Epoch  25/100: train_loss=0.8882  act=0.7905  home=0.1386  cop=0.0936  marg=0.0031  |  val_JS=0.1885  home_gap=0.2048  val_score=0.2909  lr=4.94e-05  grad_norm=0.604  (282s)
Epoch  26/100: train_loss=0.8836  act=0.7865  home=0.1377  cop=0.0929  marg=0.0034  |  val_JS=0.2315  home_gap=0.2376  val_score=0.3503  lr=4.94e-05  grad_norm=0.613  (282s)
Epoch  27/100: train_loss=0.8789  act=0.7821  home=0.1369  cop=0.0933  marg=0.0031  |  val_JS=0.2152  home_gap=0.2163  val_score=0.3234  lr=4.93e-05  grad_norm=0.614  (282s)
Epoch  28/100: train_loss=0.8700  act=0.7737  home=0.1362  cop=0.0927  marg=0.0032  |  val_JS=0.1947  home_gap=0.2145  val_score=0.3019  lr=4.92e-05  grad_norm=0.620  (282s)
Epoch  29/100: train_loss=0.8673  act=0.7711  home=0.1358  cop=0.0932  marg=0.0030  |  val_JS=0.1949  home_gap=0.2012  val_score=0.2955  lr=4.91e-05  grad_norm=0.636  (282s)
Epoch  30/100: train_loss=0.8613  act=0.7653  home=0.1355  cop=0.0930  marg=0.0029  |  val_JS=0.2081  home_gap=0.2278  val_score=0.3220  lr=4.91e-05  grad_norm=0.637  (282s)
Epoch  31/100: train_loss=0.8550  act=0.7593  home=0.1353  cop=0.0922  marg=0.0030  |  val_JS=0.1881  home_gap=0.2018  val_score=0.2890  lr=4.90e-05  grad_norm=0.646  (282s)
Epoch  32/100: train_loss=0.8490  act=0.7536  home=0.1346  cop=0.0927  marg=0.0034  |  val_JS=0.2032  home_gap=0.2190  val_score=0.3127  lr=4.89e-05  grad_norm=0.663  (282s)
Epoch  33/100: train_loss=0.8433  act=0.7484  home=0.1334  cop=0.0931  marg=0.0032  |  val_JS=0.1760  home_gap=0.1908  val_score=0.2714  lr=4.88e-05  grad_norm=0.659  (282s)
  ✓ New best model saved (val_score=0.2714  val_JS=0.1760  home_gap=0.1908)
Epoch  34/100: train_loss=0.8388  act=0.7437  home=0.1341  cop=0.0927  marg=0.0026  |  val_JS=0.1796  home_gap=0.1975  val_score=0.2783  lr=4.87e-05  grad_norm=0.662  (282s)
Epoch  35/100: train_loss=0.8321  act=0.7375  home=0.1331  cop=0.0926  marg=0.0029  |  val_JS=0.1886  home_gap=0.2141  val_score=0.2957  lr=4.87e-05  grad_norm=0.668  (282s)
Epoch  36/100: train_loss=0.8244  act=0.7305  home=0.1325  cop=0.0914  marg=0.0026  |  val_JS=0.1699  home_gap=0.1739  val_score=0.2569  lr=4.86e-05  grad_norm=0.675  (282s)
  ✓ New best model saved (val_score=0.2569  val_JS=0.1699  home_gap=0.1739)
Epoch  37/100: train_loss=0.8216  act=0.7280  home=0.1314  cop=0.0922  marg=0.0029  |  val_JS=0.1903  home_gap=0.2025  val_score=0.2916  lr=4.85e-05  grad_norm=0.682  (282s)
Epoch  38/100: train_loss=0.8167  act=0.7226  home=0.1322  cop=0.0925  marg=0.0029  |  val_JS=0.1508  home_gap=0.1647  val_score=0.2332  lr=4.84e-05  grad_norm=0.696  (282s)
  ✓ New best model saved (val_score=0.2332  val_JS=0.1508  home_gap=0.1647)
Epoch  39/100: train_loss=0.8084  act=0.7153  home=0.1304  cop=0.0921  marg=0.0026  |  val_JS=0.1542  home_gap=0.1609  val_score=0.2347  lr=4.83e-05  grad_norm=0.696  (282s)
Epoch  40/100: train_loss=0.8066  act=0.7134  home=0.1309  cop=0.0918  marg=0.0026  |  val_JS=0.1622  home_gap=0.1621  val_score=0.2432  lr=4.82e-05  grad_norm=0.703  (282s)
Epoch  41/100: train_loss=0.7987  act=0.7056  home=0.1303  cop=0.0921  marg=0.0025  |  val_JS=0.1719  home_gap=0.1927  val_score=0.2682  lr=4.81e-05  grad_norm=0.702  (282s)
Epoch  42/100: train_loss=0.7941  act=0.7015  home=0.1297  cop=0.0918  marg=0.0026  |  val_JS=0.1631  home_gap=0.1845  val_score=0.2554  lr=4.79e-05  grad_norm=0.712  (282s)
Epoch  43/100: train_loss=0.7887  act=0.6968  home=0.1285  cop=0.0916  marg=0.0027  |  val_JS=0.1533  home_gap=0.1777  val_score=0.2422  lr=4.78e-05  grad_norm=0.714  (282s)
Epoch  44/100: train_loss=0.7835  act=0.6915  home=0.1284  cop=0.0921  marg=0.0026  |  val_JS=0.1527  home_gap=0.1798  val_score=0.2426  lr=4.77e-05  grad_norm=0.717  (282s)
Epoch  45/100: train_loss=0.7770  act=0.6853  home=0.1279  cop=0.0917  marg=0.0026  |  val_JS=0.1335  home_gap=0.1479  val_score=0.2074  lr=4.76e-05  grad_norm=0.717  (282s)
  ✓ New best model saved (val_score=0.2074  val_JS=0.1335  home_gap=0.1479)
Epoch  46/100: train_loss=0.7724  act=0.6808  home=0.1278  cop=0.0916  marg=0.0028  |  val_JS=0.1469  home_gap=0.1665  val_score=0.2301  lr=4.75e-05  grad_norm=0.727  (282s)
Epoch  47/100: train_loss=0.7732  act=0.6820  home=0.1270  cop=0.0916  marg=0.0025  |  val_JS=0.1484  home_gap=0.1693  val_score=0.2331  lr=4.73e-05  grad_norm=0.727  (282s)
Epoch  48/100: train_loss=0.7626  act=0.6717  home=0.1264  cop=0.0914  marg=0.0025  |  val_JS=0.1443  home_gap=0.1412  val_score=0.2149  lr=4.72e-05  grad_norm=0.731  (282s)
Epoch  49/100: train_loss=0.7613  act=0.6709  home=0.1255  cop=0.0912  marg=0.0025  |  val_JS=0.1159  home_gap=0.1500  val_score=0.1909  lr=4.71e-05  grad_norm=0.734  (282s)
  ✓ New best model saved (val_score=0.1909  val_JS=0.1159  home_gap=0.1500)
Epoch  50/100: train_loss=0.7553  act=0.6653  home=0.1246  cop=0.0916  marg=0.0022  |  val_JS=0.1239  home_gap=0.1641  val_score=0.2059  lr=4.70e-05  grad_norm=0.734  (282s)
Epoch  51/100: train_loss=0.7532  act=0.6630  home=0.1252  cop=0.0915  marg=0.0022  |  val_JS=0.1262  home_gap=0.1652  val_score=0.2087  lr=4.68e-05  grad_norm=0.746  (282s)
Epoch  52/100: train_loss=0.7466  act=0.6569  home=0.1243  cop=0.0912  marg=0.0022  |  val_JS=0.1183  home_gap=0.1568  val_score=0.1966  lr=4.67e-05  grad_norm=0.747  (282s)
Epoch  53/100: train_loss=0.7439  act=0.6545  home=0.1237  cop=0.0911  marg=0.0025  |  val_JS=0.1110  home_gap=0.1508  val_score=0.1864  lr=4.65e-05  grad_norm=0.753  (282s)
  ✓ New best model saved (val_score=0.1864  val_JS=0.1110  home_gap=0.1508)
Epoch  54/100: train_loss=0.7377  act=0.6489  home=0.1227  cop=0.0907  marg=0.0027  |  val_JS=0.1283  home_gap=0.1773  val_score=0.2170  lr=4.64e-05  grad_norm=0.760  (282s)
Epoch  55/100: train_loss=0.7311  act=0.6420  home=0.1231  cop=0.0912  marg=0.0025  |  val_JS=0.1339  home_gap=0.1566  val_score=0.2122  lr=4.63e-05  grad_norm=0.762  (282s)
Epoch  56/100: train_loss=0.7302  act=0.6412  home=0.1231  cop=0.0908  marg=0.0024  |  val_JS=0.1044  home_gap=0.1342  val_score=0.1715  lr=4.61e-05  grad_norm=0.762  (282s)
  ✓ New best model saved (val_score=0.1715  val_JS=0.1044  home_gap=0.1342)
Epoch  57/100: train_loss=0.7244  act=0.6363  home=0.1214  cop=0.0904  marg=0.0022  |  val_JS=0.1217  home_gap=0.1538  val_score=0.1985  lr=4.59e-05  grad_norm=0.766  (282s)
Epoch  58/100: train_loss=0.7198  act=0.6315  home=0.1216  cop=0.0910  marg=0.0021  |  val_JS=0.1239  home_gap=0.1432  val_score=0.1955  lr=4.58e-05  grad_norm=0.769  (282s)
Epoch  59/100: train_loss=0.7154  act=0.6279  home=0.1203  cop=0.0904  marg=0.0021  |  val_JS=0.1058  home_gap=0.1653  val_score=0.1885  lr=4.56e-05  grad_norm=0.766  (282s)
Epoch  60/100: train_loss=0.7140  act=0.6266  home=0.1201  cop=0.0903  marg=0.0024  |  val_JS=0.1161  home_gap=0.1641  val_score=0.1981  lr=4.55e-05  grad_norm=0.775  (282s)
Epoch  61/100: train_loss=0.7098  act=0.6224  home=0.1199  cop=0.0905  marg=0.0023  |  val_JS=0.1053  home_gap=0.1227  val_score=0.1667  lr=4.53e-05  grad_norm=0.774  (282s)
  ✓ New best model saved (val_score=0.1667  val_JS=0.1053  home_gap=0.1227)
Epoch  62/100: train_loss=0.7044  act=0.6176  home=0.1190  cop=0.0903  marg=0.0022  |  val_JS=0.1177  home_gap=0.1436  val_score=0.1895  lr=4.51e-05  grad_norm=0.774  (282s)
Epoch  63/100: train_loss=0.6984  act=0.6116  home=0.1191  cop=0.0901  marg=0.0022  |  val_JS=0.1097  home_gap=0.1633  val_score=0.1914  lr=4.50e-05  grad_norm=0.781  (282s)
Epoch  64/100: train_loss=0.6941  act=0.6076  home=0.1186  cop=0.0900  marg=0.0023  |  val_JS=0.0971  home_gap=0.1091  val_score=0.1517  lr=4.48e-05  grad_norm=0.778  (282s)
  ✓ New best model saved (val_score=0.1517  val_JS=0.0971  home_gap=0.1091)
Epoch  65/100: train_loss=0.6920  act=0.6062  home=0.1171  cop=0.0900  marg=0.0022  |  val_JS=0.1042  home_gap=0.1503  val_score=0.1794  lr=4.46e-05  grad_norm=0.782  (282s)
Epoch  66/100: train_loss=0.6909  act=0.6049  home=0.1176  cop=0.0899  marg=0.0021  |  val_JS=0.1016  home_gap=0.1613  val_score=0.1822  lr=4.45e-05  grad_norm=0.790  (282s)
Epoch  67/100: train_loss=0.6853  act=0.5995  home=0.1172  cop=0.0900  marg=0.0020  |  val_JS=0.1079  home_gap=0.1661  val_score=0.1910  lr=4.43e-05  grad_norm=0.786  (282s)
Epoch  68/100: train_loss=0.6860  act=0.6003  home=0.1172  cop=0.0900  marg=0.0019  |  val_JS=0.1066  home_gap=0.1536  val_score=0.1834  lr=4.41e-05  grad_norm=0.792  (282s)
Epoch  69/100: train_loss=0.6809  act=0.5956  home=0.1163  cop=0.0898  marg=0.0018  |  val_JS=0.0953  home_gap=0.1565  val_score=0.1735  lr=4.39e-05  grad_norm=0.787  (282s)
Epoch  70/100: train_loss=0.6771  act=0.5916  home=0.1167  cop=0.0899  marg=0.0023  |  val_JS=0.0993  home_gap=0.1636  val_score=0.1811  lr=4.37e-05  grad_norm=0.799  (282s)
Epoch  71/100: train_loss=0.6695  act=0.5848  home=0.1154  cop=0.0893  marg=0.0021  |  val_JS=0.1170  home_gap=0.1930  val_score=0.2135  lr=4.35e-05  grad_norm=0.796  (282s)
Epoch  72/100: train_loss=0.6669  act=0.5826  home=0.1146  cop=0.0892  marg=0.0021  |  val_JS=0.0938  home_gap=0.1436  val_score=0.1657  lr=4.34e-05  grad_norm=0.799  (282s)
Epoch  73/100: train_loss=0.6627  act=0.5789  home=0.1136  cop=0.0893  marg=0.0020  |  val_JS=0.0967  home_gap=0.1562  val_score=0.1748  lr=4.32e-05  grad_norm=0.796  (282s)
Epoch  74/100: train_loss=0.6628  act=0.5788  home=0.1140  cop=0.0894  marg=0.0021  |  val_JS=0.0993  home_gap=0.1551  val_score=0.1769  lr=4.30e-05  grad_norm=0.803  (282s)
Epoch  75/100: train_loss=0.6596  act=0.5755  home=0.1138  cop=0.0897  marg=0.0021  |  val_JS=0.0919  home_gap=0.1359  val_score=0.1598  lr=4.28e-05  grad_norm=0.803  (282s)
Epoch  76/100: train_loss=0.6567  act=0.5726  home=0.1145  cop=0.0892  marg=0.0019  |  val_JS=0.0893  home_gap=0.1654  val_score=0.1720  lr=4.26e-05  grad_norm=0.805  (282s)
Epoch  77/100: train_loss=0.6529  act=0.5694  home=0.1132  cop=0.0891  marg=0.0022  |  val_JS=0.0860  home_gap=0.1360  val_score=0.1540  lr=4.24e-05  grad_norm=0.811  (282s)
Epoch  78/100: train_loss=0.6482  act=0.5650  home=0.1124  cop=0.0892  marg=0.0020  |  val_JS=0.0962  home_gap=0.1492  val_score=0.1708  lr=4.22e-05  grad_norm=0.803  (282s)
Epoch  79/100: train_loss=0.6462  act=0.5630  home=0.1121  cop=0.0894  marg=0.0023  |  val_JS=0.0824  home_gap=0.1364  val_score=0.1506  lr=4.20e-05  grad_norm=0.806  (282s)
  ✓ New best model saved (val_score=0.1506  val_JS=0.0824  home_gap=0.1364)
Epoch  80/100: train_loss=0.6443  act=0.5616  home=0.1115  cop=0.0890  marg=0.0019  |  val_JS=0.0827  home_gap=0.1316  val_score=0.1485  lr=4.18e-05  grad_norm=0.800  (282s)
  ✓ New best model saved (val_score=0.1485  val_JS=0.0827  home_gap=0.1316)
Epoch  81/100: train_loss=0.6420  act=0.5593  home=0.1114  cop=0.0892  marg=0.0019  |  val_JS=0.0878  home_gap=0.1743  val_score=0.1750  lr=4.16e-05  grad_norm=0.804  (282s)
Epoch  82/100: train_loss=0.6374  act=0.5546  home=0.1115  cop=0.0893  marg=0.0020  |  val_JS=0.0826  home_gap=0.1557  val_score=0.1604  lr=4.13e-05  grad_norm=0.806  (282s)
Epoch  83/100: train_loss=0.6345  act=0.5522  home=0.1108  cop=0.0888  marg=0.0020  |  val_JS=0.0775  home_gap=0.1649  val_score=0.1600  lr=4.11e-05  grad_norm=0.813  (282s)
Epoch  84/100: train_loss=0.6375  act=0.5554  home=0.1107  cop=0.0887  marg=0.0020  |  val_JS=0.0763  home_gap=0.1530  val_score=0.1528  lr=4.09e-05  grad_norm=0.813  (282s)
Epoch  85/100: train_loss=0.6299  act=0.5484  home=0.1094  cop=0.0886  marg=0.0020  |  val_JS=0.0872  home_gap=0.1484  val_score=0.1614  lr=4.07e-05  grad_norm=0.815  (282s)
Epoch  86/100: train_loss=0.6279  act=0.5461  home=0.1099  cop=0.0887  marg=0.0020  |  val_JS=0.0730  home_gap=0.1334  val_score=0.1397  lr=4.05e-05  grad_norm=0.816  (282s)
  ✓ New best model saved (val_score=0.1397  val_JS=0.0730  home_gap=0.1334)
Epoch  87/100: train_loss=0.6253  act=0.5443  home=0.1087  cop=0.0884  marg=0.0019  |  val_JS=0.0832  home_gap=0.1609  val_score=0.1637  lr=4.02e-05  grad_norm=0.819  (282s)
Epoch  88/100: train_loss=0.6201  act=0.5390  home=0.1086  cop=0.0888  marg=0.0019  |  val_JS=0.0850  home_gap=0.1458  val_score=0.1579  lr=4.00e-05  grad_norm=0.813  (282s)
Epoch  89/100: train_loss=0.6225  act=0.5411  home=0.1090  cop=0.0888  marg=0.0018  |  val_JS=0.0862  home_gap=0.1383  val_score=0.1553  lr=3.98e-05  grad_norm=0.819  (282s)
Epoch  90/100: train_loss=0.6172  act=0.5366  home=0.1080  cop=0.0883  marg=0.0018  |  val_JS=0.0859  home_gap=0.1288  val_score=0.1503  lr=3.96e-05  grad_norm=0.816  (282s)
Epoch  91/100: train_loss=0.6098  act=0.5296  home=0.1074  cop=0.0878  marg=0.0023  |  val_JS=0.0676  home_gap=0.1277  val_score=0.1314  lr=3.93e-05  grad_norm=0.827  (282s)
  ✓ New best model saved (val_score=0.1314  val_JS=0.0676  home_gap=0.1277)
Epoch  92/100: train_loss=0.6103  act=0.5297  home=0.1075  cop=0.0885  marg=0.0020  |  val_JS=0.0691  home_gap=0.1503  val_score=0.1443  lr=3.91e-05  grad_norm=0.815  (282s)
Epoch  93/100: train_loss=0.6108  act=0.5305  home=0.1072  cop=0.0883  marg=0.0018  |  val_JS=0.0688  home_gap=0.1171  val_score=0.1273  lr=3.89e-05  grad_norm=0.820  (282s)
  ✓ New best model saved (val_score=0.1273  val_JS=0.0688  home_gap=0.1171)
Epoch  94/100: train_loss=0.6063  act=0.5263  home=0.1067  cop=0.0883  marg=0.0018  |  val_JS=0.0704  home_gap=0.1470  val_score=0.1439  lr=3.86e-05  grad_norm=0.816  (282s)
Epoch  95/100: train_loss=0.6040  act=0.5243  home=0.1063  cop=0.0878  marg=0.0019  |  val_JS=0.0707  home_gap=0.1358  val_score=0.1386  lr=3.84e-05  grad_norm=0.823  (282s)
Epoch  96/100: train_loss=0.6019  act=0.5225  home=0.1056  cop=0.0880  marg=0.0021  |  val_JS=0.0695  home_gap=0.1540  val_score=0.1465  lr=3.82e-05  grad_norm=0.824  (282s)
Epoch  97/100: train_loss=0.5988  act=0.5194  home=0.1056  cop=0.0878  marg=0.0018  |  val_JS=0.0645  home_gap=0.1490  val_score=0.1390  lr=3.79e-05  grad_norm=0.820  (282s)
Epoch  98/100: train_loss=0.6021  act=0.5226  home=0.1058  cop=0.0881  marg=0.0018  |  val_JS=0.0716  home_gap=0.1634  val_score=0.1533  lr=3.77e-05  grad_norm=0.832  (282s)
Epoch  99/100: train_loss=0.5937  act=0.5152  home=0.1041  cop=0.0878  marg=0.0017  |  val_JS=0.0734  home_gap=0.1594  val_score=0.1531  lr=3.74e-05  grad_norm=0.827  (282s)
Epoch 100/100: train_loss=0.5953  act=0.5162  home=0.1051  cop=0.0879  marg=0.0019  |  val_JS=0.0640  home_gap=0.1533  val_score=0.1407  lr=3.72e-05  grad_norm=0.828  (282s)

[4/4] Training complete. Best val_score=0.1273
  Best checkpoint: outputs_step4_F8/checkpoints/best_model.pt
  Training log:    outputs_step4_F8/step4_training_log.csv
