============================================================
Step 4D — Training  
============================================================
  data_dir:       outputs_step4
  output_dir:     outputs_step4_F3C
  checkpoint_dir: outputs_step4_F3C/checkpoints
  batch_size=256  max_epochs=100  patience=15  lr=5e-05  fp16=True
  checkpoint_dir (absolute): /nfs/speed-scratch/o_iseri/occModeling/outputs_step4_F3C/checkpoints
  AUX_STRATUM_HEAD=True  COP_POS_WEIGHT=1  ACTIVITY_BOOSTS=0  DATA_SIDE_SAMPLING=0  MARG_MODE=per_cs
  Device: cuda
[1/4] Loading datasets and pairs...
  Train pairs: 89686 | Val respondents: 9609
  Activity class weights (inv-sqrt-freq, ACTIVITY_BOOSTS=0):
    class  0: 0.435
    class  1: 0.517
    class  2: 1.072
    class  3: 1.110
    class  4: 0.261
    class  5: 0.752
    class  6: 0.892
    class  7: 1.355
    class  8: 0.737
    class  9: 0.406
    class 10: 1.161
    class 11: 1.782
    class 12: 0.780
    class 13: 2.742
  AT_HOME observed rate: 0.7250  pos_weight: disabled
  Marginal-bias loss weight: LAMBDA_MARG=0.1  MARG_MODE=per_cs
  COP pos_weight         Alone: 1.2167
  COP pos_weight        Spouse: 2.5104
  COP pos_weight      Children: 10.9977
  COP pos_weight       parents: 40.7688
  COP pos_weight   otherInFAMs: 1.0000
  COP pos_weight      otherHHs: 1.0000
  COP pos_weight       friends: 15.1695
  COP pos_weight        others: 9.2322
  COP pos_weight    colleagues: 12.2617
[2/4] Building model...
  Parameters: 11,536,731
ConditionalTransformer(
  (act_embedding): Embedding(14, 32)
  (slot_linear): Linear(in_features=42, out_features=256, bias=True)
  (cycle_embedding): Embedding(4, 32)
  (cls_mlp): Sequential(
    (0): Linear(in_features=109, out_features=256, bias=True)
    (1): GELU(approximate='none')
    (2): Linear(in_features=256, out_features=256, bias=True)
  )
  (strata_linear): Linear(in_features=3, out_features=256, bias=False)
  (encoder): TransformerEncoder(
    (layers): ModuleList(
      (0-5): 6 x TransformerEncoderLayer(
        (self_attn): MultiheadAttention(
          (out_proj): NonDynamicallyQuantizableLinear(in_features=256, out_features=256, bias=True)
        )
        (linear1): Linear(in_features=256, out_features=1024, bias=True)
        (dropout): Dropout(p=0.1, inplace=False)
        (linear2): Linear(in_features=1024, out_features=256, bias=True)
        (norm1): LayerNorm((256,), eps=1e-05, elementwise_affine=True)
        (norm2): LayerNorm((256,), eps=1e-05, elementwise_affine=True)
        (dropout1): Dropout(p=0.1, inplace=False)
        (dropout2): Dropout(p=0.1, inplace=False)
      )
    )
    (norm): LayerNorm((256,), eps=1e-05, elementwise_affine=True)
  )
  (decoder): FiLMTransformerDecoder(
    (layers): ModuleList(
      (0-5): 6 x TransformerDecoderLayer(
        (self_attn): MultiheadAttention(
          (out_proj): NonDynamicallyQuantizableLinear(in_features=256, out_features=256, bias=True)
        )
        (multihead_attn): MultiheadAttention(
          (out_proj): NonDynamicallyQuantizableLinear(in_features=256, out_features=256, bias=True)
        )
        (linear1): Linear(in_features=256, out_features=1024, bias=True)
        (dropout): Dropout(p=0.1, inplace=False)
        (linear2): Linear(in_features=1024, out_features=256, bias=True)
        (norm1): LayerNorm((256,), eps=1e-05, elementwise_affine=True)
        (norm2): LayerNorm((256,), eps=1e-05, elementwise_affine=True)
        (norm3): LayerNorm((256,), eps=1e-05, elementwise_affine=True)
        (dropout1): Dropout(p=0.1, inplace=False)
        (dropout2): Dropout(p=0.1, inplace=False)
        (dropout3): Dropout(p=0.1, inplace=False)
      )
    )
    (films): ModuleList(
      (0-5): 6 x FiLMLayer(
        (gen): Linear(in_features=112, out_features=512, bias=True)
      )
    )
    (norm): LayerNorm((256,), eps=1e-05, elementwise_affine=True)
  )
  (act_head): Linear(in_features=256, out_features=14, bias=True)
  (home_head): Linear(in_features=256, out_features=1, bias=True)
  (cop_head): Linear(in_features=256, out_features=9, bias=True)
  (aux_strata_head): Sequential(
    (0): Linear(in_features=256, out_features=64, bias=True)
    (1): GELU(approximate='none')
    (2): Linear(in_features=64, out_features=3, bias=True)
  )
)
[3/4] Training...
  WARN: 215 params have zero gradient
  FAIL: 1 params have NaN gradient
Epoch   1/100: train_loss=3.1897  act=2.5088  home=0.5566  cop=1.0147  marg=0.0695  |  val_JS=0.0665  home_gap=0.0787  val_score=0.1059  lr=8.77e-06  grad_norm=inf  (495s)
  ✓ New best model saved (val_score=0.1059  val_JS=0.0665  home_gap=0.0787)
Epoch   2/100: train_loss=2.2558  act=1.8896  home=0.2710  cop=0.7084  marg=0.0211  |  val_JS=0.0908  home_gap=0.2346  val_score=0.2080  lr=1.75e-05  grad_norm=3.706  (494s)
Epoch   3/100: train_loss=1.9078  act=1.6675  home=0.1941  cop=0.4642  marg=0.0114  |  val_JS=0.1088  home_gap=0.2397  val_score=0.2287  lr=2.63e-05  grad_norm=2.900  (494s)
Epoch   4/100: train_loss=1.5970  act=1.3875  home=0.1862  cop=0.3794  marg=0.0114  |  val_JS=0.1844  home_gap=0.2572  val_score=0.3130  lr=3.51e-05  grad_norm=3.963  (494s)
Epoch   5/100: train_loss=1.3456  act=1.1551  home=0.1769  cop=0.3340  marg=0.0100  |  val_JS=0.1775  home_gap=0.2520  val_score=0.3035  lr=4.39e-05  grad_norm=2.509  (494s)
Epoch   6/100: train_loss=1.2312  act=1.0580  home=0.1654  cop=0.2975  marg=0.0088  |  val_JS=0.1807  home_gap=0.2138  val_score=0.2876  lr=5.00e-05  grad_norm=1.640  (494s)
Epoch   7/100: train_loss=1.1801  act=1.0188  home=0.1578  cop=0.2711  marg=0.0085  |  val_JS=0.2268  home_gap=0.2283  val_score=0.3409  lr=5.00e-05  grad_norm=1.225  (494s)
Epoch   8/100: train_loss=1.1532  act=0.9985  home=0.1533  cop=0.2575  marg=0.0073  |  val_JS=0.2018  home_gap=0.2139  val_score=0.3088  lr=5.00e-05  grad_norm=0.999  (494s)
Epoch   9/100: train_loss=1.1354  act=0.9856  home=0.1504  cop=0.2462  marg=0.0069  |  val_JS=0.1833  home_gap=0.2379  val_score=0.3023  lr=5.00e-05  grad_norm=0.836  (494s)
Epoch  10/100: train_loss=1.1219  act=0.9738  home=0.1495  cop=0.2423  marg=0.0069  |  val_JS=0.2081  home_gap=0.2179  val_score=0.3170  lr=5.00e-05  grad_norm=0.766  (494s)
Epoch  11/100: train_loss=1.1118  act=0.9668  home=0.1467  cop=0.2367  marg=0.0066  |  val_JS=0.2630  home_gap=0.2564  val_score=0.3912  lr=5.00e-05  grad_norm=0.714  (494s)
Epoch  12/100: train_loss=1.1031  act=0.9591  home=0.1462  cop=0.2339  marg=0.0065  |  val_JS=0.2201  home_gap=0.2312  val_score=0.3357  lr=4.99e-05  grad_norm=0.685  (494s)
Epoch  13/100: train_loss=1.0936  act=0.9511  home=0.1446  cop=0.2315  marg=0.0066  |  val_JS=0.1690  home_gap=0.1931  val_score=0.2655  lr=4.99e-05  grad_norm=0.680  (494s)
Epoch  14/100: train_loss=1.0857  act=0.9445  home=0.1441  cop=0.2287  marg=0.0062  |  val_JS=0.2301  home_gap=0.2500  val_score=0.3550  lr=4.99e-05  grad_norm=0.643  (494s)
Epoch  15/100: train_loss=1.0807  act=0.9409  home=0.1428  cop=0.2257  marg=0.0062  |  val_JS=0.1964  home_gap=0.2158  val_score=0.3043  lr=4.99e-05  grad_norm=0.636  (494s)
Epoch  16/100: train_loss=1.0793  act=0.9394  home=0.1434  cop=0.2255  marg=0.0061  |  val_JS=0.1914  home_gap=0.2145  val_score=0.2986  lr=4.98e-05  grad_norm=0.614  (494s)
  Early stopping at epoch 16 (no improvement for 15 epochs)

[4/4] Training complete. Best val_score=0.1059
  Best checkpoint: outputs_step4_F3C/checkpoints/best_model.pt
  Training log:    outputs_step4_F3C/step4_training_log.csv
