============================================================
Step 4D — Training  
============================================================
  data_dir:       /nfs/speed-scratch/o_iseri/occModeling/outputs_step4
  output_dir:     /nfs/speed-scratch/o_iseri/occModeling/outputs_step4
  checkpoint_dir: /nfs/speed-scratch/o_iseri/occModeling/outputs_step4/checkpoints
  batch_size=256  max_epochs=100  patience=10  lr=0.0001  fp16=False
  checkpoint_dir (absolute): /nfs/speed-scratch/o_iseri/occModeling/outputs_step4/checkpoints
  Device: cuda
[1/4] Loading datasets and pairs...
  Train pairs: 89686 | Val respondents: 9609
[2/4] Building model...
  Parameters: 11,172,952
ConditionalTransformer(
  (act_embedding): Embedding(14, 32)
  (slot_linear): Linear(in_features=42, out_features=256, bias=True)
  (cycle_embedding): Embedding(4, 32)
  (cls_mlp): Sequential(
    (0): Linear(in_features=109, out_features=256, bias=True)
    (1): GELU(approximate='none')
    (2): Linear(in_features=256, out_features=256, bias=True)
  )
  (strata_linear): Linear(in_features=3, out_features=256, bias=False)
  (encoder): TransformerEncoder(
    (layers): ModuleList(
      (0-5): 6 x TransformerEncoderLayer(
        (self_attn): MultiheadAttention(
          (out_proj): NonDynamicallyQuantizableLinear(in_features=256, out_features=256, bias=True)
        )
        (linear1): Linear(in_features=256, out_features=1024, bias=True)
        (dropout): Dropout(p=0.1, inplace=False)
        (linear2): Linear(in_features=1024, out_features=256, bias=True)
        (norm1): LayerNorm((256,), eps=1e-05, elementwise_affine=True)
        (norm2): LayerNorm((256,), eps=1e-05, elementwise_affine=True)
        (dropout1): Dropout(p=0.1, inplace=False)
        (dropout2): Dropout(p=0.1, inplace=False)
      )
    )
    (norm): LayerNorm((256,), eps=1e-05, elementwise_affine=True)
  )
  (decoder): TransformerDecoder(
    (layers): ModuleList(
      (0-5): 6 x TransformerDecoderLayer(
        (self_attn): MultiheadAttention(
          (out_proj): NonDynamicallyQuantizableLinear(in_features=256, out_features=256, bias=True)
        )
        (multihead_attn): MultiheadAttention(
          (out_proj): NonDynamicallyQuantizableLinear(in_features=256, out_features=256, bias=True)
        )
        (linear1): Linear(in_features=256, out_features=1024, bias=True)
        (dropout): Dropout(p=0.1, inplace=False)
        (linear2): Linear(in_features=1024, out_features=256, bias=True)
        (norm1): LayerNorm((256,), eps=1e-05, elementwise_affine=True)
        (norm2): LayerNorm((256,), eps=1e-05, elementwise_affine=True)
        (norm3): LayerNorm((256,), eps=1e-05, elementwise_affine=True)
        (dropout1): Dropout(p=0.1, inplace=False)
        (dropout2): Dropout(p=0.1, inplace=False)
        (dropout3): Dropout(p=0.1, inplace=False)
      )
    )
    (norm): LayerNorm((256,), eps=1e-05, elementwise_affine=True)
  )
  (act_head): Linear(in_features=256, out_features=14, bias=True)
  (home_head): Linear(in_features=256, out_features=1, bias=True)
  (cop_head): Linear(in_features=256, out_features=9, bias=True)
)
[3/4] Training...
Epoch   1/100: train_loss=2.2063  act=1.8570  home=0.4578  cop=0.4014  |  val_JS=0.1649  lr=1.76e-09  grad_norm=6.554  (278s)
  ✓ New best model saved (val_JS=0.1649)
Epoch   2/100: train_loss=1.4587  act=1.2921  home=0.1964  cop=0.2281  |  val_JS=0.2298  lr=3.51e-09  grad_norm=3.966  (275s)
Epoch   3/100: train_loss=1.1454  act=1.0063  home=0.1792  cop=0.1653  |  val_JS=0.2856  lr=5.27e-09  grad_norm=3.200  (273s)
Epoch   4/100: train_loss=0.9454  act=0.8230  home=0.1649  cop=0.1334  |  val_JS=0.2856  lr=7.02e-09  grad_norm=1.649  (273s)
Epoch   5/100: train_loss=0.8817  act=0.7703  home=0.1551  cop=0.1126  |  val_JS=0.2856  lr=8.78e-09  grad_norm=0.900  (273s)
Epoch   6/100: train_loss=0.8545  act=0.7486  home=0.1496  cop=0.1038  |  val_JS=0.2856  lr=1.00e-08  grad_norm=0.639  (273s)
Epoch   7/100: train_loss=0.8407  act=0.7379  home=0.1464  cop=0.0988  |  val_JS=0.2856  lr=1.00e-08  grad_norm=0.527  (273s)
Epoch   8/100: train_loss=0.8317  act=0.7303  home=0.1448  cop=0.0968  |  val_JS=0.2856  lr=1.00e-08  grad_norm=0.472  (273s)
Epoch   9/100: train_loss=0.8233  act=0.7235  home=0.1425  cop=0.0950  |  val_JS=0.2856  lr=1.00e-08  grad_norm=0.432  (273s)
Epoch  10/100: train_loss=0.8181  act=0.7189  home=0.1419  cop=0.0941  |  val_JS=0.2856  lr=9.99e-09  grad_norm=0.404  (273s)
Epoch  11/100: train_loss=0.8124  act=0.7139  home=0.1411  cop=0.0932  |  val_JS=0.2856  lr=9.99e-09  grad_norm=0.383  (273s)
  Early stopping at epoch 11 (no improvement for 10 epochs)

[4/4] Training complete. Best val_JS=0.1649
  Best checkpoint: /nfs/speed-scratch/o_iseri/occModeling/outputs_step4/checkpoints/best_model.pt
  Training log:    /nfs/speed-scratch/o_iseri/occModeling/outputs_step4/step4_training_log.csv
