============================================================
Step 4D — Training  
============================================================
  data_dir:       outputs_step4
  output_dir:     outputs_step4_F3D
  checkpoint_dir: outputs_step4_F3D/checkpoints
  batch_size=256  max_epochs=100  patience=15  lr=5e-05  fp16=True
  checkpoint_dir (absolute): /nfs/speed-scratch/o_iseri/occModeling/outputs_step4_F3D/checkpoints
  AUX_STRATUM_HEAD=False  COP_POS_WEIGHT=1  ACTIVITY_BOOSTS=0  DATA_SIDE_SAMPLING=1  MARG_MODE=per_cs
  Device: cuda
[1/4] Loading datasets and pairs...
  Train pairs: 89686 | Val respondents: 9609
  Activity class weights (inv-sqrt-freq, ACTIVITY_BOOSTS=0):
    class  0: 0.435
    class  1: 0.517
    class  2: 1.072
    class  3: 1.110
    class  4: 0.261
    class  5: 0.752
    class  6: 0.892
    class  7: 1.355
    class  8: 0.737
    class  9: 0.406
    class 10: 1.161
    class 11: 1.782
    class 12: 0.780
    class 13: 2.742
  AT_HOME observed rate: 0.7250  pos_weight: disabled
  Marginal-bias loss weight: LAMBDA_MARG=0.1  MARG_MODE=per_cs
  COP pos_weight         Alone: 1.2167
  COP pos_weight        Spouse: 2.5104
  COP pos_weight      Children: 10.9977
  COP pos_weight       parents: 40.7688
  COP pos_weight   otherInFAMs: 1.0000
  COP pos_weight      otherHHs: 1.0000
  COP pos_weight       friends: 15.1695
  COP pos_weight        others: 9.2322
  COP pos_weight    colleagues: 12.2617
  DATA_SIDE_SAMPLING=1: sample_weights multiplied by WGHT_PER (mean-normalized)
[2/4] Building model...
  Parameters: 11,520,088
ConditionalTransformer(
  (act_embedding): Embedding(14, 32)
  (slot_linear): Linear(in_features=42, out_features=256, bias=True)
  (cycle_embedding): Embedding(4, 32)
  (cls_mlp): Sequential(
    (0): Linear(in_features=109, out_features=256, bias=True)
    (1): GELU(approximate='none')
    (2): Linear(in_features=256, out_features=256, bias=True)
  )
  (strata_linear): Linear(in_features=3, out_features=256, bias=False)
  (encoder): TransformerEncoder(
    (layers): ModuleList(
      (0-5): 6 x TransformerEncoderLayer(
        (self_attn): MultiheadAttention(
          (out_proj): NonDynamicallyQuantizableLinear(in_features=256, out_features=256, bias=True)
        )
        (linear1): Linear(in_features=256, out_features=1024, bias=True)
        (dropout): Dropout(p=0.1, inplace=False)
        (linear2): Linear(in_features=1024, out_features=256, bias=True)
        (norm1): LayerNorm((256,), eps=1e-05, elementwise_affine=True)
        (norm2): LayerNorm((256,), eps=1e-05, elementwise_affine=True)
        (dropout1): Dropout(p=0.1, inplace=False)
        (dropout2): Dropout(p=0.1, inplace=False)
      )
    )
    (norm): LayerNorm((256,), eps=1e-05, elementwise_affine=True)
  )
  (decoder): FiLMTransformerDecoder(
    (layers): ModuleList(
      (0-5): 6 x TransformerDecoderLayer(
        (self_attn): MultiheadAttention(
          (out_proj): NonDynamicallyQuantizableLinear(in_features=256, out_features=256, bias=True)
        )
        (multihead_attn): MultiheadAttention(
          (out_proj): NonDynamicallyQuantizableLinear(in_features=256, out_features=256, bias=True)
        )
        (linear1): Linear(in_features=256, out_features=1024, bias=True)
        (dropout): Dropout(p=0.1, inplace=False)
        (linear2): Linear(in_features=1024, out_features=256, bias=True)
        (norm1): LayerNorm((256,), eps=1e-05, elementwise_affine=True)
        (norm2): LayerNorm((256,), eps=1e-05, elementwise_affine=True)
        (norm3): LayerNorm((256,), eps=1e-05, elementwise_affine=True)
        (dropout1): Dropout(p=0.1, inplace=False)
        (dropout2): Dropout(p=0.1, inplace=False)
        (dropout3): Dropout(p=0.1, inplace=False)
      )
    )
    (films): ModuleList(
      (0-5): 6 x FiLMLayer(
        (gen): Linear(in_features=112, out_features=512, bias=True)
      )
    )
    (norm): LayerNorm((256,), eps=1e-05, elementwise_affine=True)
  )
  (act_head): Linear(in_features=256, out_features=14, bias=True)
  (home_head): Linear(in_features=256, out_features=1, bias=True)
  (cop_head): Linear(in_features=256, out_features=9, bias=True)
)
[3/4] Training...
Epoch   1/100: train_loss=3.0740  act=2.4784  home=0.5569  cop=1.0384  marg=0.0559  |  val_JS=0.0486  home_gap=0.1472  val_score=0.1222  lr=8.77e-06  grad_norm=4.930  (493s)
  ✓ New best model saved (val_score=0.1222  val_JS=0.0486  home_gap=0.1472)
Epoch   2/100: train_loss=2.2769  act=1.9193  home=0.2595  cop=0.7533  marg=0.0188  |  val_JS=0.1225  home_gap=0.2459  val_score=0.2455  lr=1.75e-05  grad_norm=3.466  (491s)
Epoch   3/100: train_loss=1.9486  act=1.7056  home=0.1916  cop=0.4871  marg=0.0112  |  val_JS=0.1378  home_gap=0.2540  val_score=0.2648  lr=2.63e-05  grad_norm=3.010  (490s)
Epoch   4/100: train_loss=1.6192  act=1.4091  home=0.1846  cop=0.3889  marg=0.0112  |  val_JS=0.1538  home_gap=0.2571  val_score=0.2823  lr=3.51e-05  grad_norm=3.863  (490s)
Epoch   5/100: train_loss=1.3339  act=1.1389  home=0.1760  cop=0.3534  marg=0.0100  |  val_JS=0.1919  home_gap=0.2551  val_score=0.3194  lr=4.39e-05  grad_norm=2.804  (490s)
Epoch   6/100: train_loss=1.2209  act=1.0438  home=0.1640  cop=0.3144  marg=0.0076  |  val_JS=0.2178  home_gap=0.2361  val_score=0.3358  lr=5.00e-05  grad_norm=1.594  (490s)
Epoch   7/100: train_loss=1.1694  act=1.0047  home=0.1558  cop=0.2866  marg=0.0083  |  val_JS=0.2664  home_gap=0.2106  val_score=0.3717  lr=5.00e-05  grad_norm=1.316  (490s)
Epoch   8/100: train_loss=1.1354  act=0.9795  home=0.1501  cop=0.2672  marg=0.0072  |  val_JS=0.1916  home_gap=0.1758  val_score=0.2795  lr=5.00e-05  grad_norm=1.019  (490s)
Epoch   9/100: train_loss=1.1197  act=0.9664  home=0.1491  cop=0.2604  marg=0.0071  |  val_JS=0.1934  home_gap=0.2438  val_score=0.3153  lr=5.00e-05  grad_norm=0.882  (490s)
Epoch  10/100: train_loss=1.0998  act=0.9495  home=0.1461  cop=0.2555  marg=0.0067  |  val_JS=0.1927  home_gap=0.2358  val_score=0.3106  lr=5.00e-05  grad_norm=0.840  (490s)
Epoch  11/100: train_loss=1.0901  act=0.9426  home=0.1446  cop=0.2483  marg=0.0067  |  val_JS=0.2093  home_gap=0.2403  val_score=0.3295  lr=5.00e-05  grad_norm=0.780  (490s)
Epoch  12/100: train_loss=1.0795  act=0.9330  home=0.1441  cop=0.2462  marg=0.0064  |  val_JS=0.1785  home_gap=0.2119  val_score=0.2845  lr=4.99e-05  grad_norm=0.743  (490s)
Epoch  13/100: train_loss=1.0670  act=0.9225  home=0.1425  cop=0.2421  marg=0.0059  |  val_JS=0.2034  home_gap=0.2091  val_score=0.3079  lr=4.99e-05  grad_norm=0.710  (490s)
Epoch  14/100: train_loss=1.0608  act=0.9173  home=0.1415  cop=0.2405  marg=0.0060  |  val_JS=0.1715  home_gap=0.2454  val_score=0.2942  lr=4.99e-05  grad_norm=0.701  (490s)
Epoch  15/100: train_loss=1.0539  act=0.9106  home=0.1417  cop=0.2394  marg=0.0064  |  val_JS=0.2064  home_gap=0.2246  val_score=0.3186  lr=4.99e-05  grad_norm=0.726  (490s)
Epoch  16/100: train_loss=1.0388  act=0.8976  home=0.1397  cop=0.2359  marg=0.0061  |  val_JS=0.1261  home_gap=0.1962  val_score=0.2243  lr=4.98e-05  grad_norm=0.686  (490s)
  Early stopping at epoch 16 (no improvement for 15 epochs)

[4/4] Training complete. Best val_score=0.1222
  Best checkpoint: outputs_step4_F3D/checkpoints/best_model.pt
  Training log:    outputs_step4_F3D/step4_training_log.csv
