============================================================
Step 4D — Training  
============================================================
  data_dir:       /nfs/speed-scratch/o_iseri/occModeling/outputs_step4
  output_dir:     /nfs/speed-scratch/o_iseri/occModeling/outputs_step4
  checkpoint_dir: /nfs/speed-scratch/o_iseri/occModeling/outputs_step4/checkpoints
  batch_size=256  max_epochs=100  patience=15  lr=5e-05  fp16=True
  checkpoint_dir (absolute): /nfs/speed-scratch/o_iseri/occModeling/outputs_step4/checkpoints
  Device: cuda
[1/4] Loading datasets and pairs...
  Train pairs: 89686 | Val respondents: 9609
  Activity class weights (inv-sqrt-freq + targeted boosts):
    class  0: 2.174
    class  1: 0.517
    class  2: 1.072
    class  3: 1.110
    class  4: 0.261
    class  5: 0.752
    class  6: 0.892
    class  7: 1.355
    class  8: 1.473
    class  9: 0.406
    class 10: 1.161
    class 11: 1.782
    class 12: 2.341
    class 13: 2.742
  AT_HOME observed rate: 0.7250  pos_weight: 0.3792
  Marginal-bias loss weight: LAMBDA_MARG=0.1
[2/4] Building model...
  Parameters: 11,520,088
ConditionalTransformer(
  (act_embedding): Embedding(14, 32)
  (slot_linear): Linear(in_features=42, out_features=256, bias=True)
  (cycle_embedding): Embedding(4, 32)
  (cls_mlp): Sequential(
    (0): Linear(in_features=109, out_features=256, bias=True)
    (1): GELU(approximate='none')
    (2): Linear(in_features=256, out_features=256, bias=True)
  )
  (strata_linear): Linear(in_features=3, out_features=256, bias=False)
  (encoder): TransformerEncoder(
    (layers): ModuleList(
      (0-5): 6 x TransformerEncoderLayer(
        (self_attn): MultiheadAttention(
          (out_proj): NonDynamicallyQuantizableLinear(in_features=256, out_features=256, bias=True)
        )
        (linear1): Linear(in_features=256, out_features=1024, bias=True)
        (dropout): Dropout(p=0.1, inplace=False)
        (linear2): Linear(in_features=1024, out_features=256, bias=True)
        (norm1): LayerNorm((256,), eps=1e-05, elementwise_affine=True)
        (norm2): LayerNorm((256,), eps=1e-05, elementwise_affine=True)
        (dropout1): Dropout(p=0.1, inplace=False)
        (dropout2): Dropout(p=0.1, inplace=False)
      )
    )
    (norm): LayerNorm((256,), eps=1e-05, elementwise_affine=True)
  )
  (decoder): FiLMTransformerDecoder(
    (layers): ModuleList(
      (0-5): 6 x TransformerDecoderLayer(
        (self_attn): MultiheadAttention(
          (out_proj): NonDynamicallyQuantizableLinear(in_features=256, out_features=256, bias=True)
        )
        (multihead_attn): MultiheadAttention(
          (out_proj): NonDynamicallyQuantizableLinear(in_features=256, out_features=256, bias=True)
        )
        (linear1): Linear(in_features=256, out_features=1024, bias=True)
        (dropout): Dropout(p=0.1, inplace=False)
        (linear2): Linear(in_features=1024, out_features=256, bias=True)
        (norm1): LayerNorm((256,), eps=1e-05, elementwise_affine=True)
        (norm2): LayerNorm((256,), eps=1e-05, elementwise_affine=True)
        (norm3): LayerNorm((256,), eps=1e-05, elementwise_affine=True)
        (dropout1): Dropout(p=0.1, inplace=False)
        (dropout2): Dropout(p=0.1, inplace=False)
        (dropout3): Dropout(p=0.1, inplace=False)
      )
    )
    (films): ModuleList(
      (0-5): 6 x FiLMLayer(
        (gen): Linear(in_features=112, out_features=512, bias=True)
      )
    )
    (norm): LayerNorm((256,), eps=1e-05, elementwise_affine=True)
  )
  (act_head): Linear(in_features=256, out_features=14, bias=True)
  (home_head): Linear(in_features=256, out_features=1, bias=True)
  (cop_head): Linear(in_features=256, out_features=9, bias=True)
)
[3/4] Training...
Epoch   1/100: train_loss=2.6107  act=2.2843  home=0.3807  cop=0.4161  marg=0.1117  |  val_JS=0.1073  home_gap=0.1130  val_score=0.1638  lr=8.77e-06  grad_norm=5.469  (163s)
  ✓ New best model saved (val_score=0.1638  val_JS=0.1073  home_gap=0.1130)
Epoch   2/100: train_loss=1.9115  act=1.7271  home=0.1797  cop=0.2971  marg=0.0549  |  val_JS=0.1283  home_gap=0.2505  val_score=0.2535  lr=1.75e-05  grad_norm=3.471  (150s)
Epoch   3/100: train_loss=1.6081  act=1.4731  home=0.1276  cop=0.2260  marg=0.0340  |  val_JS=0.1116  home_gap=0.2545  val_score=0.2388  lr=2.63e-05  grad_norm=2.970  (150s)
Epoch   4/100: train_loss=1.3573  act=1.2379  home=0.1212  cop=0.1851  marg=0.0329  |  val_JS=0.0875  home_gap=0.2168  val_score=0.1958  lr=3.51e-05  grad_norm=2.786  (150s)
Epoch   5/100: train_loss=1.1562  act=1.0443  home=0.1156  cop=0.1699  marg=0.0313  |  val_JS=0.1761  home_gap=0.2363  val_score=0.2943  lr=4.39e-05  grad_norm=2.360  (150s)
Epoch   6/100: train_loss=1.0566  act=0.9536  home=0.1098  cop=0.1506  marg=0.0292  |  val_JS=0.2128  home_gap=0.2144  val_score=0.3200  lr=5.00e-05  grad_norm=1.528  (150s)
Epoch   7/100: train_loss=1.0032  act=0.9102  home=0.1038  cop=0.1279  marg=0.0279  |  val_JS=0.2291  home_gap=0.1996  val_score=0.3289  lr=5.00e-05  grad_norm=0.979  (150s)
Epoch   8/100: train_loss=0.9806  act=0.8925  home=0.1016  cop=0.1153  marg=0.0271  |  val_JS=0.2308  home_gap=0.2100  val_score=0.3358  lr=5.00e-05  grad_norm=0.797  (150s)
Epoch   9/100: train_loss=0.9662  act=0.8810  home=0.0999  cop=0.1085  marg=0.0267  |  val_JS=0.2287  home_gap=0.1895  val_score=0.3234  lr=5.00e-05  grad_norm=0.669  (150s)
Epoch  10/100: train_loss=0.9553  act=0.8718  home=0.0986  cop=0.1053  marg=0.0264  |  val_JS=0.2189  home_gap=0.1958  val_score=0.3168  lr=5.00e-05  grad_norm=0.640  (150s)
Epoch  11/100: train_loss=0.9470  act=0.8648  home=0.0978  cop=0.1023  marg=0.0261  |  val_JS=0.2441  home_gap=0.2240  val_score=0.3561  lr=5.00e-05  grad_norm=0.593  (150s)
Epoch  12/100: train_loss=0.9408  act=0.8597  home=0.0968  cop=0.1006  marg=0.0259  |  val_JS=0.2204  home_gap=0.1855  val_score=0.3132  lr=4.99e-05  grad_norm=0.582  (150s)
Epoch  13/100: train_loss=0.9354  act=0.8547  home=0.0966  cop=0.0993  marg=0.0259  |  val_JS=0.2267  home_gap=0.2120  val_score=0.3328  lr=4.99e-05  grad_norm=0.557  (150s)
Epoch  14/100: train_loss=0.9274  act=0.8477  home=0.0952  cop=0.0986  marg=0.0256  |  val_JS=0.2087  home_gap=0.1797  val_score=0.2985  lr=4.99e-05  grad_norm=0.549  (150s)
Epoch  15/100: train_loss=0.9238  act=0.8443  home=0.0954  cop=0.0974  marg=0.0255  |  val_JS=0.2284  home_gap=0.1819  val_score=0.3193  lr=4.99e-05  grad_norm=0.537  (150s)
Epoch  16/100: train_loss=0.9164  act=0.8370  home=0.0954  cop=0.0970  marg=0.0257  |  val_JS=0.2325  home_gap=0.1835  val_score=0.3242  lr=4.98e-05  grad_norm=0.531  (150s)
  Early stopping at epoch 16 (no improvement for 15 epochs)

[4/4] Training complete. Best val_score=0.1638
  Best checkpoint: /nfs/speed-scratch/o_iseri/occModeling/outputs_step4/checkpoints/best_model.pt
  Training log:    /nfs/speed-scratch/o_iseri/occModeling/outputs_step4/step4_training_log.csv
