============================================================
Step 4D — Training  
============================================================
  data_dir:       outputs_step4
  output_dir:     outputs_step4_F4
  checkpoint_dir: outputs_step4_F4/checkpoints
  batch_size=256  max_epochs=100  patience=15  lr=5e-05  fp16=True
  checkpoint_dir (absolute): /nfs/speed-scratch/o_iseri/occModeling/outputs_step4_F4/checkpoints
  AUX_STRATUM_HEAD=True  COP_POS_WEIGHT=1  ACTIVITY_BOOSTS=0  DATA_SIDE_SAMPLING=0  MARG_MODE=per_cs
  Device: cuda
[1/4] Loading datasets and pairs...
  Train pairs: 89686 | Val respondents: 9609
  Activity class weights (inv-sqrt-freq, ACTIVITY_BOOSTS=0):
    class  0: 0.435
    class  1: 0.517
    class  2: 1.072
    class  3: 1.110
    class  4: 0.261
    class  5: 0.752
    class  6: 0.892
    class  7: 1.355
    class  8: 0.737
    class  9: 0.406
    class 10: 1.161
    class 11: 1.782
    class 12: 0.780
    class 13: 2.742
  AT_HOME observed rate: 0.7250  pos_weight: disabled
  Marginal-bias loss weight: LAMBDA_MARG=0.1  MARG_MODE=per_cs
  COP_ALONE_PW=0: Alone pos_weight overridden to 1.0 (sign-flip guard)
  COP pos_weight         Alone: 1.0000
  COP pos_weight        Spouse: 2.5104
  COP pos_weight      Children: 10.9977
  COP pos_weight       parents: 40.7688
  COP pos_weight   otherInFAMs: 1.0000
  COP pos_weight      otherHHs: 1.0000
  COP pos_weight       friends: 15.1695
  COP pos_weight        others: 9.2322
  COP pos_weight    colleagues: 12.2617
[2/4] Building model...
  Parameters: 11,536,731
ConditionalTransformer(
  (act_embedding): Embedding(14, 32)
  (slot_linear): Linear(in_features=42, out_features=256, bias=True)
  (cycle_embedding): Embedding(4, 32)
  (cls_mlp): Sequential(
    (0): Linear(in_features=109, out_features=256, bias=True)
    (1): GELU(approximate='none')
    (2): Linear(in_features=256, out_features=256, bias=True)
  )
  (strata_linear): Linear(in_features=3, out_features=256, bias=False)
  (encoder): TransformerEncoder(
    (layers): ModuleList(
      (0-5): 6 x TransformerEncoderLayer(
        (self_attn): MultiheadAttention(
          (out_proj): NonDynamicallyQuantizableLinear(in_features=256, out_features=256, bias=True)
        )
        (linear1): Linear(in_features=256, out_features=1024, bias=True)
        (dropout): Dropout(p=0.1, inplace=False)
        (linear2): Linear(in_features=1024, out_features=256, bias=True)
        (norm1): LayerNorm((256,), eps=1e-05, elementwise_affine=True)
        (norm2): LayerNorm((256,), eps=1e-05, elementwise_affine=True)
        (dropout1): Dropout(p=0.1, inplace=False)
        (dropout2): Dropout(p=0.1, inplace=False)
      )
    )
    (norm): LayerNorm((256,), eps=1e-05, elementwise_affine=True)
  )
  (decoder): FiLMTransformerDecoder(
    (layers): ModuleList(
      (0-5): 6 x TransformerDecoderLayer(
        (self_attn): MultiheadAttention(
          (out_proj): NonDynamicallyQuantizableLinear(in_features=256, out_features=256, bias=True)
        )
        (multihead_attn): MultiheadAttention(
          (out_proj): NonDynamicallyQuantizableLinear(in_features=256, out_features=256, bias=True)
        )
        (linear1): Linear(in_features=256, out_features=1024, bias=True)
        (dropout): Dropout(p=0.1, inplace=False)
        (linear2): Linear(in_features=1024, out_features=256, bias=True)
        (norm1): LayerNorm((256,), eps=1e-05, elementwise_affine=True)
        (norm2): LayerNorm((256,), eps=1e-05, elementwise_affine=True)
        (norm3): LayerNorm((256,), eps=1e-05, elementwise_affine=True)
        (dropout1): Dropout(p=0.1, inplace=False)
        (dropout2): Dropout(p=0.1, inplace=False)
        (dropout3): Dropout(p=0.1, inplace=False)
      )
    )
    (films): ModuleList(
      (0-5): 6 x FiLMLayer(
        (gen): Linear(in_features=112, out_features=512, bias=True)
      )
    )
    (norm): LayerNorm((256,), eps=1e-05, elementwise_affine=True)
  )
  (act_head): Linear(in_features=256, out_features=14, bias=True)
  (home_head): Linear(in_features=256, out_features=1, bias=True)
  (cop_head): Linear(in_features=256, out_features=9, bias=True)
  (aux_strata_head): Sequential(
    (0): Linear(in_features=256, out_features=64, bias=True)
    (1): GELU(approximate='none')
    (2): Linear(in_features=64, out_features=3, bias=True)
  )
)
[3/4] Training...
  WARN: 215 params have zero gradient
  FAIL: 1 params have NaN gradient
Epoch   1/100: train_loss=3.1871  act=2.5087  home=0.5568  cop=1.0054  marg=0.0697  |  val_JS=0.0681  home_gap=0.0896  val_score=0.1129  lr=8.77e-06  grad_norm=inf  (53s)
  ✓ New best model saved (val_score=0.1129  val_JS=0.0681  home_gap=0.0896)
Epoch   2/100: train_loss=2.2395  act=1.8820  home=0.2650  cop=0.6927  marg=0.0183  |  val_JS=0.0979  home_gap=0.2529  val_score=0.2244  lr=1.75e-05  grad_norm=3.322  (41s)
Epoch   3/100: train_loss=1.9028  act=1.6646  home=0.1939  cop=0.4577  marg=0.0113  |  val_JS=0.1105  home_gap=0.2156  val_score=0.2183  lr=2.63e-05  grad_norm=2.848  (41s)
Epoch   4/100: train_loss=1.5913  act=1.3833  home=0.1861  cop=0.3748  marg=0.0111  |  val_JS=0.1866  home_gap=0.2547  val_score=0.3140  lr=3.51e-05  grad_norm=3.992  (41s)
Epoch   5/100: train_loss=1.3441  act=1.1547  home=0.1767  cop=0.3305  marg=0.0098  |  val_JS=0.1834  home_gap=0.2534  val_score=0.3101  lr=4.39e-05  grad_norm=2.516  (41s)
Epoch   6/100: train_loss=1.2307  act=1.0584  home=0.1655  cop=0.2943  marg=0.0086  |  val_JS=0.2087  home_gap=0.2278  val_score=0.3227  lr=5.00e-05  grad_norm=1.634  (41s)
Epoch   7/100: train_loss=1.1789  act=1.0189  home=0.1576  cop=0.2675  marg=0.0075  |  val_JS=0.2258  home_gap=0.2424  val_score=0.3470  lr=5.00e-05  grad_norm=1.185  (41s)
Epoch   8/100: train_loss=1.1517  act=0.9982  home=0.1530  cop=0.2540  marg=0.0069  |  val_JS=0.2190  home_gap=0.2177  val_score=0.3279  lr=5.00e-05  grad_norm=0.969  (41s)
Epoch   9/100: train_loss=1.1342  act=0.9853  home=0.1505  cop=0.2431  marg=0.0069  |  val_JS=0.1906  home_gap=0.2233  val_score=0.3022  lr=5.00e-05  grad_norm=0.837  (42s)
Epoch  10/100: train_loss=1.1212  act=0.9739  home=0.1496  cop=0.2392  marg=0.0072  |  val_JS=0.2293  home_gap=0.2366  val_score=0.3476  lr=5.00e-05  grad_norm=0.783  (41s)
Epoch  11/100: train_loss=1.1110  act=0.9669  home=0.1466  cop=0.2336  marg=0.0066  |  val_JS=0.2607  home_gap=0.2546  val_score=0.3880  lr=5.00e-05  grad_norm=0.721  (41s)
Epoch  12/100: train_loss=1.1021  act=0.9590  home=0.1461  cop=0.2311  marg=0.0065  |  val_JS=0.2104  home_gap=0.2303  val_score=0.3255  lr=4.99e-05  grad_norm=0.681  (41s)
Epoch  13/100: train_loss=1.0930  act=0.9514  home=0.1447  cop=0.2286  marg=0.0067  |  val_JS=0.1644  home_gap=0.1949  val_score=0.2618  lr=4.99e-05  grad_norm=0.688  (41s)
Epoch  14/100: train_loss=1.0851  act=0.9447  home=0.1441  cop=0.2257  marg=0.0063  |  val_JS=0.2329  home_gap=0.2492  val_score=0.3575  lr=4.99e-05  grad_norm=0.651  (41s)
Epoch  15/100: train_loss=1.0805  act=0.9416  home=0.1428  cop=0.2228  marg=0.0063  |  val_JS=0.2109  home_gap=0.2180  val_score=0.3199  lr=4.99e-05  grad_norm=0.638  (41s)
Epoch  16/100: train_loss=1.0789  act=0.9398  home=0.1434  cop=0.2226  marg=0.0061  |  val_JS=0.1972  home_gap=0.2199  val_score=0.3072  lr=4.98e-05  grad_norm=0.612  (41s)
  Early stopping at epoch 16 (no improvement for 15 epochs)

[4/4] Training complete. Best val_score=0.1129
  Best checkpoint: outputs_step4_F4/checkpoints/best_model.pt
  Training log:    outputs_step4_F4/step4_training_log.csv
