Traceback (most recent call last):
  File "/nfs/speed-scratch/o_iseri/occModeling/04E_inference.py", line 363, in <module>
    main()
  File "/nfs/speed-scratch/o_iseri/occModeling/04E_inference.py", line 295, in main
    rows = run_inference(model, data, device, args.temperature,
  File "/nfs/speed-scratch/o_iseri/occModeling/04E_inference.py", line 158, in run_inference
    gen_act, gen_home, gen_cop, gen_cop_probs = model.generate(
  File "/speed-scratch/o_iseri/envs/step4/lib/python3.10/site-packages/torch/utils/_contextlib.py", line 116, in decorate_context
    return func(*args, **kwargs)
  File "/nfs/speed-scratch/o_iseri/occModeling/04B_model.py", line 402, in generate
    memory = self.encode(act_seq, aux_seq, cond_vec, cycle_idx)
  File "/nfs/speed-scratch/o_iseri/occModeling/04B_model.py", line 275, in encode
    cls_tok    = self.cls_mlp(cls_input).unsqueeze(1)        # (B, 1, d_model)
  File "/speed-scratch/o_iseri/envs/step4/lib/python3.10/site-packages/torch/nn/modules/module.py", line 1736, in _wrapped_call_impl
    return self._call_impl(*args, **kwargs)
  File "/speed-scratch/o_iseri/envs/step4/lib/python3.10/site-packages/torch/nn/modules/module.py", line 1747, in _call_impl
    return forward_call(*args, **kwargs)
  File "/speed-scratch/o_iseri/envs/step4/lib/python3.10/site-packages/torch/nn/modules/container.py", line 250, in forward
    input = module(input)
  File "/speed-scratch/o_iseri/envs/step4/lib/python3.10/site-packages/torch/nn/modules/module.py", line 1736, in _wrapped_call_impl
    return self._call_impl(*args, **kwargs)
  File "/speed-scratch/o_iseri/envs/step4/lib/python3.10/site-packages/torch/nn/modules/module.py", line 1747, in _call_impl
    return forward_call(*args, **kwargs)
  File "/speed-scratch/o_iseri/envs/step4/lib/python3.10/site-packages/torch/nn/modules/linear.py", line 125, in forward
    return F.linear(input, self.weight, self.bias)
RuntimeError: mat1 and mat2 shapes cannot be multiplied (512x93 and 92x256)
