============================================================
Step 4J — Statistical Diagnostic Battery
============================================================
  data_dir    = outputs_step4_F8
  step3_dir   = outputs_step3
  out_json    = outputs_step4_F8/diagnostics_v4_statistical.json
  n_bootstrap = 1000
  rows: aug=192183  obs=64061  syn=128122

[T1] Bootstrap CIs ...
  * Alone        gap=+13.5 pp  CI=[+13.1, +13.9]
  * Spouse       gap=+19.4 pp  CI=[+18.9, +19.8]
  * Children     gap=-3.8 pp  CI=[-4.0, -3.7]
  * parents      gap=-1.5 pp  CI=[-1.6, -1.4]
  * friends      gap=-4.0 pp  CI=[-4.1, -3.9]
  * others       gap=-6.5 pp  CI=[-6.6, -6.3]
  * colleagues   gap=-6.2 pp  CI=[-6.4, -6.0]
  * AT_HOME      gap=+1.4 pp  CI=[+1.1, +1.7]

[T2] Calibration curves ...
  [Alone]  calibration MAE = 0.2481
  [Spouse]  calibration MAE = 0.2434
  [Children]  calibration MAE = 0.2675
  [parents]  calibration MAE = 0.3875
  [friends]  calibration MAE = 0.4195
  [others]  calibration MAE = 0.3730
  [colleagues]  calibration MAE = 0.3726
  [AT_HOME] calibration MAE = 0.5442

[T3] Joint distributions ...
  activity_x_at_home [obs]  V=0.2161
  activity_x_at_home [syn]  V=0.2340
  activity_x_alone [obs]  V=0.0906
  activity_x_alone [syn]  V=0.0369
  alone_x_at_home [obs]  V=0.0666
  alone_x_at_home [syn]  V=0.0084

[T4] χ²/KS tests ...
  χ² (activity): 10/12 cells reject H₀ at α=2.98e-04
  KS (AT_HOME/Alone): 12/12 cells reject H₀

[T5] Composite score ...
  AT_HOME gap RMS:   6.90 pp
  COP max gap:       19.36 pp
  Activity JS mean:  0.0657
  COP cal MAE mean:  0.3302
  Composite score S: 1.3760  (lower=better)

  wrote outputs_step4_F8/diagnostics_v4_statistical.json
  wrote outputs_step4_F8/diagnostics_v4_bootstrap.png
  wrote outputs_step4_F8/diagnostics_v4_calibration.png
  wrote outputs_step4_F8/diagnostics_v4_joints.png

✓ 04J complete.  Composite score S = 1.3760
