============================================================
Step 4J — Statistical Diagnostic Battery
============================================================
  data_dir    = outputs_step4_F7
  step3_dir   = outputs_step3
  out_json    = outputs_step4_F7/diagnostics_v4_statistical.json
  n_bootstrap = 1000
  rows: aug=192183  obs=64061  syn=128122

[T1] Bootstrap CIs ...
  * Alone        gap=+13.0 pp  CI=[+12.6, +13.3]
  * Spouse       gap=+20.3 pp  CI=[+19.9, +20.7]
  * Children     gap=-3.9 pp  CI=[-4.1, -3.7]
  * parents      gap=-1.5 pp  CI=[-1.5, -1.4]
  * friends      gap=-3.9 pp  CI=[-4.0, -3.9]
  * others       gap=-6.2 pp  CI=[-6.3, -6.1]
  * colleagues   gap=-6.1 pp  CI=[-6.3, -6.0]
  * AT_HOME      gap=+11.1 pp  CI=[+10.9, +11.4]

[T2] Calibration curves ...
  [Alone]  calibration MAE = 0.2505
  [Spouse]  calibration MAE = 0.2527
  [Children]  calibration MAE = 0.2630
  [parents]  calibration MAE = 0.4323
  [friends]  calibration MAE = 0.4306
  [others]  calibration MAE = 0.3653
  [colleagues]  calibration MAE = 0.3888
  [AT_HOME] calibration MAE = 0.5112

[T3] Joint distributions ...
  activity_x_at_home [obs]  V=0.2161
  activity_x_at_home [syn]  V=0.2089
  activity_x_alone [obs]  V=0.0906
  activity_x_alone [syn]  V=0.0368
  alone_x_at_home [obs]  V=0.0666
  alone_x_at_home [syn]  V=0.0297

[T4] χ²/KS tests ...
  χ² (activity): 12/12 cells reject H₀ at α=2.98e-04
  KS (AT_HOME/Alone): 12/12 cells reject H₀

[T5] Composite score ...
  AT_HOME gap RMS:   8.63 pp
  COP max gap:       20.27 pp
  Activity JS mean:  0.0406
  COP cal MAE mean:  0.3405
  Composite score S: 1.3645  (lower=better)

  wrote outputs_step4_F7/diagnostics_v4_statistical.json
  wrote outputs_step4_F7/diagnostics_v4_bootstrap.png
  wrote outputs_step4_F7/diagnostics_v4_calibration.png
  wrote outputs_step4_F7/diagnostics_v4_joints.png

✓ 04J complete.  Composite score S = 1.3645
