============================================================
Step 4J — Statistical Diagnostic Battery
============================================================
  data_dir    = outputs_step4_F4
  step3_dir   = outputs_step3
  out_json    = outputs_step4_F4/diagnostics_v4_statistical.json
  n_bootstrap = 1000
  rows: aug=192183  obs=64061  syn=128122

[T1] Bootstrap CIs ...
  * Alone        gap=+9.9 pp  CI=[+9.6, +10.1]
  * Spouse       gap=+34.7 pp  CI=[+34.4, +34.9]
  * Children     gap=+41.4 pp  CI=[+41.2, +41.6]
  * parents      gap=+47.7 pp  CI=[+47.6, +47.9]
  * friends      gap=+48.0 pp  CI=[+47.9, +48.2]
  * others       gap=+30.8 pp  CI=[+30.7, +31.0]
  * colleagues   gap=+7.2 pp  CI=[+6.9, +7.4]
  * AT_HOME      gap=+8.5 pp  CI=[+8.2, +8.7]

[T2] Calibration curves ...
  [Alone]  calibration MAE = 0.1138
  [Spouse]  calibration MAE = 0.2602
  [Children]  calibration MAE = 0.3534
  [parents]  calibration MAE = 0.4568
  [friends]  calibration MAE = 0.4298
  [others]  calibration MAE = 0.3713
  [colleagues]  calibration MAE = 0.3021
  [AT_HOME] calibration MAE = 0.4412

[T3] Joint distributions ...
  activity_x_at_home [obs]  V=0.2161
  activity_x_at_home [syn]  V=0.1545
  activity_x_alone [obs]  V=0.0906
  activity_x_alone [syn]  V=0.0706
  alone_x_at_home [obs]  V=0.0666
  alone_x_at_home [syn]  V=0.0957

[T4] χ²/KS tests ...
  χ² (activity): 12/12 cells reject H₀ at α=2.98e-04
  KS (AT_HOME/Alone): 12/12 cells reject H₀

[T5] Composite score ...
  AT_HOME gap RMS:   10.87 pp
  COP max gap:       48.04 pp
  Activity JS mean:  0.0374
  COP cal MAE mean:  0.3268
  Composite score S: 2.3564  (lower=better)

  wrote outputs_step4_F4/diagnostics_v4_statistical.json
  wrote outputs_step4_F4/diagnostics_v4_bootstrap.png
  wrote outputs_step4_F4/diagnostics_v4_calibration.png
  wrote outputs_step4_F4/diagnostics_v4_joints.png

✓ 04J complete.  Composite score S = 2.3564
