============================================================
04E Output Diagnostic
============================================================

Loading outputs_step4/augmented_diaries.csv ...
  Shape: (192183, 545)

── 1. IS_SYNTHETIC counts ────────────────────────────────
  IS_SYNTHETIC=0 (observed):   64,061
  IS_SYNTHETIC=1 (synthetic): 128,122
  Total rows:                 192,183  (expect 192183)
  Rows per occID: {9: np.int64(10754), 3: np.int64(7917), 6: np.int64(5495), 12: np.int64(3223)}
  Cycle years: {2005: np.int64(57663), 2010: np.int64(45342), 2015: np.int64(52170), 2022: np.int64(37008)}

── 2. Activity marginal distribution ─────────────────────
  Cat  Label            Observed   Synthetic
  ---  ---------------  ----------------------------
    1  Work               13.3%      0.9%  <-- LARGE DIFF
    2  Education           9.4%     12.2%
    3  Domestic            2.2%      0.6%
    4  Volunteer           2.0%      0.9%
    5  Sleep              37.1%     42.6%  <-- LARGE DIFF
    6  Meals               4.5%      5.5%
    7  Personal care       3.2%      1.7%
    8  Shopping            1.4%      0.2%
    9  Social              4.6%      1.6%
   10  Recreation         15.2%     32.1%  <-- LARGE DIFF
   11  Sport               1.8%      0.7%
   12  TV/Screen           0.8%      0.3%
   13  Transit             4.1%      0.8%
   14  Other               0.3%      0.1%

── 3. Sleep temporal pattern (slot 0 = 4:00 AM) ─────────
  Fraction of respondents sleeping each slot (synthetic only):
  slot 00 (04:00) [####################]  99.6% [night]
  slot 04 (06:00) [################### ]  94.7% [night]
  slot 08 (08:00) [########            ]  42.4%
  slot 12 (10:00) [##                  ]  10.3%
  slot 16 (12:00) [#                   ]   7.2%
  slot 20 (14:00) [##                  ]   7.8%
  slot 24 (16:00) [##                  ]   8.4%
  slot 28 (18:00) [#                   ]   3.0%
  slot 32 (20:00) [#                   ]   2.8%
  slot 36 (22:00) [########            ]  38.9%
  slot 40 (00:00) [################### ]  93.8% [night]
  slot 44 (02:00) [####################]  99.3% [night]
  slot 47 (03:30) [####################]  99.6% [night]
  WARNING: high daytime sleep fraction:
    slot 07 (07:30): 60.8%
    slot 08 (08:00): 42.4%
    slot 09 (08:30): 28.5%
    slot 36 (22:00): 38.9%

── 4. Work temporal pattern (slot 0 = 4:00 AM) ──────────
  Fraction working each slot (synthetic only):
  slot 00 (04:00) [                    ]   0.1%
  slot 04 (06:00) [                    ]   0.2%
  slot 08 (08:00) [#                   ]   3.3%
  slot 12 (10:00) [#                   ]   3.6%
  slot 16 (12:00) [                    ]   1.3%
  slot 20 (14:00) [                    ]   1.3%
  slot 24 (16:00) [                    ]   0.6%
  slot 28 (18:00) [                    ]   0.2%
  slot 32 (20:00) [                    ]   0.1%
  slot 36 (22:00) [                    ]   0.1%
  slot 40 (00:00) [                    ]   0.1%
  slot 44 (02:00) [                    ]   0.0%
  WARNING: no clear work peak during 8 AM–6 PM — check generation

── 5. AT_HOME consistency (synthetic rows only) ──────────
  Sleep@night not AT_HOME: 0 / 2,142,767 (0.00%)  OK
  Work but AT_HOME=1:      0 / 53,222 (0.00%)  OK

── 6. Sample respondent (first occID) ────────────────────

  DDAY_STRATA=1.0 [observed]
    Time: 04:00  04:30  05:00  05:30  06:00  06:30  07:00  07:30
    Act:     5     5     5     5     5     5     9     3
    Home:    1     1     1     1     1     0     0     0
    Act:    10    10    10    10    10     7     7    13
    Home:    1     1     1     1     1     0     0     0
    Act:    10    10    10    10    10    10    10    10
    Home:    1     1     1     1     1     1     1     1
    Act:    10    10     6    10    10    10    10    10
    Home:    1     1     1     1     1     1     1     1
    Act:    10    10    10    10    10    10    10    10
    Home:    1     1     1     1     1     1     1     1
    Act:    10    10     5     5     5     5     5     5
    Home:    1     1     1     1     1     1     1     1

  DDAY_STRATA=2.0 [synthetic]
    Time: 04:00  04:30  05:00  05:30  06:00  06:30  07:00  07:30
    Act:     5     5     5     5     2     5     6    10
    Home:    1     1     1     1     1     1     1     1
    Act:     2     5    10    10     2    10    10     6
    Home:    1     1     1     1     1     1     1     1
    Act:     6     5     2     5     2     2     2     6
    Home:    1     1     1     1     1     1     1     1
    Act:    10    10    10    10     6    10    10    10
    Home:    1     1     1     1     1     1     1     1
    Act:    10    10    10    10    10     5     5     5
    Home:    1     1     1     1     1     1     1     1
    Act:     5     5     5     5     5     5     5     5
    Home:    1     1     1     1     1     1     1     1

  DDAY_STRATA=3.0 [synthetic]
    Time: 04:00  04:30  05:00  05:30  06:00  06:30  07:00  07:30
    Act:     5     5     5     5     5     5     5     7
    Home:    1     1     1     1     1     1     1     1
    Act:     5    10    10     5     2     3     2    10
    Home:    1     1     1     1     1     1     1     1
    Act:     2     2    10    10    10     5    10    10
    Home:    1     1     1     1     1     1     1     1
    Act:     5    10     6    10    10    10    10     5
    Home:    1     1     1     1     1     1     1     1
    Act:    10    10    10    10    10    10     5     5
    Home:    1     1     1     1     1     1     1     1
    Act:     5     5     5     5     5     5     5     5
    Home:    1     1     1     1     1     1     1     1

============================================================
Diagnostic complete.
============================================================
