============================================================
04E Output Diagnostic
============================================================

Loading outputs_step4/augmented_diaries.csv ...
  Shape: (192183, 545)

── 1. IS_SYNTHETIC counts ────────────────────────────────
  IS_SYNTHETIC=0 (observed):   64,061
  IS_SYNTHETIC=1 (synthetic): 128,122
  Total rows:                 192,183  (expect 192183)
  Rows per occID: {9: np.int64(10754), 3: np.int64(7917), 6: np.int64(5495), 12: np.int64(3223)}
  Cycle years: {2005: np.int64(57663), 2010: np.int64(45342), 2015: np.int64(52170), 2022: np.int64(37008)}

── 2. Activity marginal distribution ─────────────────────
  Cat  Label            Observed   Synthetic
  ---  ---------------  ----------------------------
    1  Work               13.3%      4.2%  <-- LARGE DIFF
    2  Education           9.4%      8.0%
    3  Domestic            2.2%      1.2%
    4  Volunteer           2.0%      1.6%
    5  Sleep              37.1%     36.9%
    6  Meals               4.5%      6.5%
    7  Personal care       3.2%      3.8%
    8  Shopping            1.4%      0.7%
    9  Social              4.6%      7.2%
   10  Recreation         15.2%     21.6%  <-- LARGE DIFF
   11  Sport               1.8%      1.7%
   12  TV/Screen           0.8%      1.5%
   13  Transit             4.1%      4.2%
   14  Other               0.3%      0.7%

── 2b. Per-stratum activity distribution ─────────────────

  DDAY_STRATA=1 (Weekday):  obs n=45,638  syn n=18,423
  Cat  Label            Observed   Synthetic
    1  Work               16.5%     12.3%
    2  Education           8.8%      7.3%
    3  Domestic            2.2%      1.5%
    4  Volunteer           1.9%      1.2%
    5  Sleep              36.3%     34.4%
    6  Meals               4.3%      5.7%
    7  Personal care       3.2%      3.6%
    8  Shopping            1.6%      1.3%
    9  Social              3.7%      4.1%
   10  Recreation         14.6%     21.3%  <-- LARGE DIFF
   11  Sport               1.7%      1.5%
   12  TV/Screen           0.7%      0.9%
   13  Transit             4.2%      4.4%
   14  Other               0.3%      0.5%

  DDAY_STRATA=2 (Saturday):  obs n=8,821  syn n=55,240
  Cat  Label            Observed   Synthetic
    1  Work                5.9%      2.8%
    2  Education          10.8%      8.5%
    3  Domestic            2.2%      1.1%
    4  Volunteer           3.0%      2.2%
    5  Sleep              37.7%     36.5%
    6  Meals               4.9%      6.6%
    7  Personal care       3.0%      3.5%
    8  Shopping            0.7%      0.6%
    9  Social              7.6%      8.6%
   10  Recreation         16.5%     21.4%
   11  Sport               2.2%      2.1%
   12  TV/Screen           0.9%      1.1%
   13  Transit             4.2%      4.3%
   14  Other               0.3%      0.7%

  DDAY_STRATA=3 (Sunday):  obs n=9,602  syn n=54,459
  Cat  Label            Observed   Synthetic
    1  Work                5.0%      3.0%
    2  Education          10.7%      7.8%
    3  Domestic            2.2%      1.1%
    4  Volunteer           1.8%      1.2%
    5  Sleep              40.3%     38.1%
    6  Meals               4.7%      6.6%
    7  Personal care       3.0%      4.2%
    8  Shopping            0.8%      0.7%
    9  Social              6.6%      6.8%
   10  Recreation         17.0%     21.9%
   11  Sport               2.1%      1.5%
   12  TV/Screen           1.4%      2.2%
   13  Transit             4.0%      4.1%
   14  Other               0.4%      0.9%

── 3. Sleep temporal pattern (slot 0 = 4:00 AM) ─────────
  Fraction of respondents sleeping each slot (synthetic only):
  slot 00 (04:00) [################### ]  96.9% [night]
  slot 04 (06:00) [#################   ]  85.6% [night]
  slot 08 (08:00) [####                ]  18.6%
  slot 12 (10:00) [#                   ]   5.5%
  slot 16 (12:00) [#                   ]   3.1%
  slot 20 (14:00) [#                   ]   3.1%
  slot 24 (16:00) [#                   ]   3.8%
  slot 28 (18:00) [                    ]   1.8%
  slot 32 (20:00) [#                   ]   2.8%
  slot 36 (22:00) [######              ]  27.5%
  slot 40 (00:00) [##################  ]  90.6% [night]
  slot 44 (02:00) [####################]  97.7% [night]
  slot 47 (03:30) [####################]  98.7% [night]
  WARNING: high daytime sleep fraction:
    slot 07 (07:30): 31.8%
    slot 36 (22:00): 27.5%

── 4. Work temporal pattern (slot 0 = 4:00 AM) ──────────
  Fraction working each slot (synthetic only):
  slot 00 (04:00) [                    ]   1.4%
  slot 04 (06:00) [                    ]   2.0%
  slot 08 (08:00) [###                 ]  12.7%
  slot 12 (10:00) [###                 ]  13.6%
  slot 16 (12:00) [#                   ]   5.9%
  slot 20 (14:00) [#                   ]   7.1%
  slot 24 (16:00) [#                   ]   4.9%
  slot 28 (18:00) [                    ]   1.4%
  slot 32 (20:00) [                    ]   1.5%
  slot 36 (22:00) [                    ]   1.4%
  slot 40 (00:00) [                    ]   0.9%
  slot 44 (02:00) [                    ]   0.3%
  OK: work peak detected during business hours

── 5. AT_HOME consistency (synthetic rows only) ──────────
  Sleep@night not AT_HOME: 0 / 2,013,760 (0.00%)  OK
  Work but AT_HOME=1:      0 / 261,133 (0.00%)  OK

── 6. Sample respondent (first occID) ────────────────────

  DDAY_STRATA=1.0 [observed]
    Time: 04:00  04:30  05:00  05:30  06:00  06:30  07:00  07:30
    Act:     5     5     5     5     5     5     9     3
    Home:    1     1     1     1     1     0     0     0
    Act:    10    10    10    10    10     7     7    13
    Home:    1     1     1     1     1     0     0     0
    Act:    10    10    10    10    10    10    10    10
    Home:    1     1     1     1     1     1     1     1
    Act:    10    10     6    10    10    10    10    10
    Home:    1     1     1     1     1     1     1     1
    Act:    10    10    10    10    10    10    10    10
    Home:    1     1     1     1     1     1     1     1
    Act:    10    10     5     5     5     5     5     5
    Home:    1     1     1     1     1     1     1     1

  DDAY_STRATA=2.0 [synthetic]
    Time: 04:00  04:30  05:00  05:30  06:00  06:30  07:00  07:30
    Act:     5     5     5     5     2     5     6    10
    Home:    1     1     1     1     1     1     1     1
    Act:    13     9    10    13     2    12    10     6
    Home:    1     1     1     1     1     1     1     1
    Act:     9     5     2     5     2     9     2     6
    Home:    1     1     1     1     1     1     1     1
    Act:     9    13    10    10     6    10    10    10
    Home:    1     1     1     1     1     1     1     1
    Act:    10    10    10    10    10     5     5     7
    Home:    1     1     1     1     1     1     1     1
    Act:     5     5     5     5     5     5     5     5
    Home:    1     1     1     1     1     1     1     1

  DDAY_STRATA=3.0 [synthetic]
    Time: 04:00  04:30  05:00  05:30  06:00  06:30  07:00  07:30
    Act:     5     5     5     7     5     5     5     7
    Home:    1     1     1     1     1     1     1     1
    Act:     5     9    10     5    13     3     2     1
    Home:    1     1     1     1     1     1     1     0
    Act:     2     2     6    10    13     5     1     1
    Home:    1     1     1     1     1     1     0     0
    Act:     9    10     6    10    10    10    10     5
    Home:    1     1     1     1     1     1     1     1
    Act:    10    10    10    10    10    10     5     5
    Home:    1     1     1     1     1     1     1     1
    Act:     5     5     5     5     5     5     5     5
    Home:    1     1     1     1     1     1     1     1

============================================================
Diagnostic complete.
============================================================
